Looking for git in: /usr/local/bin/git
Using git 2.17.0 from /usr/local/bin/git
> git rev-parse --show-toplevel
> git config --get commit.template
Open repository: /Users/avanslaars/projects/jest-codemods-lesson
> git status -z -u
> git symbolic-ref --short HEAD
> git rev-parse master
> git rev-parse --symbolic-full-name master@{u}
fatal: no upstream configured for branch 'master'
> git for-each-ref --format %(refname) %(objectname) --sort -committerdate
> git remote --verbose
> git check-ignore -z --stdin
> git check-ignore -z --stdin
> git show :src/index.js
> git show :src/index.spec.js
> git rev-parse --show-toplevel
> git config --get commit.template
Open repository: /Users/avanslaars/code_profiles
> git status -z -u
> git check-ignore -z --stdin
> git check-ignore -z --stdin
> git symbolic-ref --short HEAD
> git rev-parse master
> git rev-parse --symbolic-full-name master@{u}
> git rev-list --left-right master...refs/remotes/origin/master
> git for-each-ref --format %(refname) %(objectname) --sort -committerdate
> git remote --verbose
> git show :src/index.spec.js
> git status -z -u
> git symbolic-ref --short HEAD
> git rev-parse master
> git rev-parse --symbolic-full-name master@{u}
fatal: no upstream configured for branch 'master'
> git for-each-ref --format %(refname) %(objectname) --sort -committerdate
> git remote --verbose
> git check-ignore -z --stdin
> git check-ignore -z --stdin
> git show :.vscode/settings.json
> git show :src/index.spec.js
> git show :.vscode/settings.json
> git show :src/index.spec.js
> git show :.vscode/settings.json
> git show :.vscode/settings.json
> git show :.vscode/settings.json
> git show :src/index.spec.js
> git show :.vscode/settings.json
> git show :egghead/data/User/settings.json
> git show :src/index.spec.js
> git show :.vscode/settings.json
> git show :src/index.spec.js
> git status -z -u
> git symbolic-ref --short HEAD
> git rev-parse master
> git rev-parse --symbolic-full-name master@{u}
fatal: no upstream configured for branch 'master'
> git for-each-ref --format %(refname) %(objectname) --sort -committerdate
> git remote --verbose
> git show :.vscode/settings.json
> git status -z -u
> git symbolic-ref --short HEAD
> git rev-parse master
> git rev-parse --symbolic-full-name master@{u}
fatal: no upstream configured for branch 'master'
> git for-each-ref --format %(refname) %(objectname) --sort -committerdate
> git remote --verbose
> git show :egghead/data/User/settings.json
> git show :src/index.spec.js
> git status -z -u
> git symbolic-ref --short HEAD
> git rev-parse master
> git rev-parse --symbolic-full-name master@{u}
fatal: no upstream configured for branch 'master'
> git for-each-ref --format %(refname) %(objectname) --sort -committerdate
> git remote --verbose
> git check-ignore -z --stdin
> git show :.vscode/settings.json
> git show :src/index.spec.js
> git check-ignore -z --stdin
> git status -z -u
> git symbolic-ref --short HEAD
> git rev-parse master
> git rev-parse --symbolic-full-name master@{u}
fatal: no upstream configured for branch 'master'
> git for-each-ref --format %(refname) %(objectname) --sort -committerdate
> git remote --verbose
> git check-ignore -z --stdin
> git status -z -u
> git symbolic-ref --short HEAD
> git rev-parse master
> git rev-parse --symbolic-full-name master@{u}
fatal: no upstream configured for branch 'master'
> git for-each-ref --format %(refname) %(objectname) --sort -committerdate
> git remote --verbose
> git show :src/index.spec.js
> git show :src/index.js
> git show :src/index.spec.js
> git status -z -u
> git symbolic-ref --short HEAD
> git rev-parse master
> git rev-parse --symbolic-full-name master@{u}
fatal: no upstream configured for branch 'master'
> git for-each-ref --format %(refname) %(objectname) --sort -committerdate
> git remote --verbose
> git show :src/index.spec.js
> git status -z -u
> git symbolic-ref --short HEAD
> git rev-parse master
> git rev-parse --symbolic-full-name master@{u}
fatal: no upstream configured for branch 'master'
> git for-each-ref --format %(refname) %(objectname) --sort -committerdate
> git remote --verbose
> git show :src/index.js
> git show :src/index.spec.js
> git show :src/index.js
> git show :src/index.spec.js
> git show :src/index.js
> git show :src/index.spec.js
> git status -z -u
> git symbolic-ref --short HEAD
> git rev-parse switch-to-jest
> git rev-parse --symbolic-full-name switch-to-jest@{u}
fatal: no upstream configured for branch 'switch-to-jest'
> git for-each-ref --format %(refname) %(objectname) --sort -committerdate
> git remote --verbose
> git show :src/index.spec.js
> git status -z -u
> git symbolic-ref --short HEAD
> git rev-parse switch-to-jest
> git rev-parse --symbolic-full-name switch-to-jest@{u}
fatal: no upstream configured for branch 'switch-to-jest'
> git for-each-ref --format %(refname) %(objectname) --sort -committerdate
> git remote --verbose
> git show :package.json
> git status -z -u
> git symbolic-ref --short HEAD
> git rev-parse switch-to-jest
> git rev-parse --symbolic-full-name switch-to-jest@{u}
fatal: no upstream configured for branch 'switch-to-jest'
> git for-each-ref --format %(refname) %(objectname) --sort -committerdate
> git remote --verbose
> git show :src/index.spec.js
> git show :package.json
> git status -z -u
> git symbolic-ref --short HEAD
> git rev-parse switch-to-jest
> git rev-parse --symbolic-full-name switch-to-jest@{u}
fatal: no upstream configured for branch 'switch-to-jest'
> git for-each-ref --format %(refname) %(objectname) --sort -committerdate
> git remote --verbose
> git show :package.json
> git status -z -u
> git symbolic-ref --short HEAD
> git rev-parse switch-to-jest
> git rev-parse --symbolic-full-name switch-to-jest@{u}
fatal: no upstream configured for branch 'switch-to-jest'
> git for-each-ref --format %(refname) %(objectname) --sort -committerdate
> git remote --verbose
> git show :package.json
> git status -z -u
> git symbolic-ref --short HEAD
> git rev-parse switch-to-jest
> git rev-parse --symbolic-full-name switch-to-jest@{u}
fatal: no upstream configured for branch 'switch-to-jest'
> git for-each-ref --format %(refname) %(objectname) --sort -committerdate
> git remote --verbose
> git status -z -u
> git symbolic-ref --short HEAD
> git rev-parse switch-to-jest
> git rev-parse --symbolic-full-name switch-to-jest@{u}
fatal: no upstream configured for branch 'switch-to-jest'
> git for-each-ref --format %(refname) %(objectname) --sort -committerdate
> git remote --verbose
> git show :src/index.spec.js
> git show :package.json
> git show :src/index.spec.js
> git show :package.json
> git show :src/index.spec.js
> git show :package.json
> git show :src/index.spec.js
> git show :package.json
> git show :src/index.spec.js
> git status -z -u
> git symbolic-ref --short HEAD
> git rev-parse switch-to-jest
> git rev-parse --symbolic-full-name switch-to-jest@{u}
fatal: no upstream configured for branch 'switch-to-jest'
> git for-each-ref --format %(refname) %(objectname) --sort -committerdate
> git remote --verbose
> git status -z -u
> git symbolic-ref --short HEAD
> git rev-parse switch-to-jest
> git rev-parse --symbolic-full-name switch-to-jest@{u}
fatal: no upstream configured for branch 'switch-to-jest'
> git for-each-ref --format %(refname) %(objectname) --sort -committerdate
> git remote --verbose
> git status -z -u
> git symbolic-ref --short HEAD
> git rev-parse switch-to-jest
> git rev-parse --symbolic-full-name switch-to-jest@{u}
fatal: no upstream configured for branch 'switch-to-jest'
> git for-each-ref --format %(refname) %(objectname) --sort -committerdate
> git remote --verbose
> git show :package.json
> git status -z -u
> git symbolic-ref --short HEAD
> git rev-parse switch-to-jest
> git rev-parse --symbolic-full-name switch-to-jest@{u}
fatal: no upstream configured for branch 'switch-to-jest'
> git for-each-ref --format %(refname) %(objectname) --sort -committerdate
> git remote --verbose
> git show :src/index.spec.js
> git status -z -u
> git symbolic-ref --short HEAD
> git rev-parse switch-to-jest
> git rev-parse --symbolic-full-name switch-to-jest@{u}
fatal: no upstream configured for branch 'switch-to-jest'
> git for-each-ref --format %(refname) %(objectname) --sort -committerdate
> git remote --verbose
> git status -z -u
> git symbolic-ref --short HEAD
> git rev-parse switch-to-jest
> git rev-parse --symbolic-full-name switch-to-jest@{u}
fatal: no upstream configured for branch 'switch-to-jest'
> git for-each-ref --format %(refname) %(objectname) --sort -committerdate
> git remote --verbose
> git show :package.json
> git show :src/index.spec.js
> git status -z -u
> git symbolic-ref --short HEAD
> git rev-parse switch-to-jest
> git rev-parse --symbolic-full-name switch-to-jest@{u}
fatal: no upstream configured for branch 'switch-to-jest'
> git for-each-ref --format %(refname) %(objectname) --sort -committerdate
> git remote --verbose
> git show :package.json
> git status -z -u
> git symbolic-ref --short HEAD
> git rev-parse switch-to-jest
> git rev-parse --symbolic-full-name switch-to-jest@{u}
fatal: no upstream configured for branch 'switch-to-jest'
> git for-each-ref --format %(refname) %(objectname) --sort -committerdate
> git remote --verbose
> git status -z -u
> git symbolic-ref --short HEAD
> git rev-parse switch-to-jest
> git rev-parse --symbolic-full-name switch-to-jest@{u}
fatal: no upstream configured for branch 'switch-to-jest'
> git for-each-ref --format %(refname) %(objectname) --sort -committerdate
> git remote --verbose
> git show :package.json
> git status -z -u
> git symbolic-ref --short HEAD
> git rev-parse master
> git show :package.json
> git rev-parse --symbolic-full-name master@{u}
fatal: no upstream configured for branch 'master'
> git for-each-ref --format %(refname) %(objectname) --sort -committerdate
> git remote --verbose
> git show :package.json
> git status -z -u
> git symbolic-ref --short HEAD
> git rev-parse master
> git rev-parse --symbolic-full-name master@{u}
fatal: no upstream configured for branch 'master'
> git for-each-ref --format %(refname) %(objectname) --sort -committerdate
> git remote --verbose
> git status -z -u
> git symbolic-ref --short HEAD
> git rev-parse master
> git rev-parse --symbolic-full-name master@{u}
fatal: no upstream configured for branch 'master'
> git for-each-ref --format %(refname) %(objectname) --sort -committerdate
> git remote --verbose
> git show :package.json
> git status -z -u
> git symbolic-ref --short HEAD
> git rev-parse master
> git rev-parse --symbolic-full-name master@{u}
> git rev-list --left-right master...refs/remotes/origin/master
> git for-each-ref --format %(refname) %(objectname) --sort -committerdate
> git remote --verbose
> git show :package.json
> git show :package.json
> git status -z -u
> git symbolic-ref --short HEAD
> git rev-parse switch-to-jest
> git rev-parse --symbolic-full-name switch-to-jest@{u}
fatal: no upstream configured for branch 'switch-to-jest'
> git for-each-ref --format %(refname) %(objectname) --sort -committerdate
> git remote --verbose
> git status -z -u
> git symbolic-ref --short HEAD
> git rev-parse switch-to-jest
> git rev-parse --symbolic-full-name switch-to-jest@{u}
> git rev-list --left-right switch-to-jest...refs/remotes/origin/switch-to-jest
> git for-each-ref --format %(refname) %(objectname) --sort -committerdate
> git remote --verbose
> git show :package.json
