[2017-12-17 15:00:44.897] [exthost1] [info] extension host started
[2017-12-17 15:00:44.915] [exthost1] [info] ExtensionService#_doActivateExtension vscode.emmet {"startup":true,"activationEvent":"*"}
[2017-12-17 15:00:44.915] [exthost1] [info] ExtensionService#loadCommonJSModule /Applications/Visual Studio Code.app/Contents/Resources/app/extensions/emmet/out/extension
[2017-12-17 15:00:44.980] [exthost1] [info] ExtensionService#_doActivateExtension vscode.git {"startup":true,"activationEvent":"*"}
[2017-12-17 15:00:44.981] [exthost1] [info] ExtensionService#loadCommonJSModule /Applications/Visual Studio Code.app/Contents/Resources/app/extensions/git/out/main
[2017-12-17 15:00:45.123] [exthost1] [info] ExtensionService#_doActivateExtension vscode.merge-conflict {"startup":true,"activationEvent":"*"}
[2017-12-17 15:00:45.123] [exthost1] [info] ExtensionService#loadCommonJSModule /Applications/Visual Studio Code.app/Contents/Resources/app/extensions/merge-conflict/out/extension
[2017-12-17 15:00:45.143] [exthost1] [info] ExtensionService#_doActivateExtension WallabyJs.quokka-vscode {"startup":true,"activationEvent":"*"}
[2017-12-17 15:00:45.143] [exthost1] [info] ExtensionService#loadCommonJSModule /Users/avanslaars/code_profiles/egghead/exts/WallabyJs.quokka-vscode-1.0.84/index
[2017-12-17 15:00:45.145] [exthost1] [info] ExtensionService#_doActivateExtension WallabyJs.wallaby-vscode {"startup":true,"activationEvent":"*"}
[2017-12-17 15:00:45.145] [exthost1] [info] ExtensionService#loadCommonJSModule /Users/avanslaars/code_profiles/egghead/exts/WallabyJs.wallaby-vscode-1.0.68/index
[2017-12-17 15:00:45.146] [exthost1] [info] ExtensionService#_doActivateExtension alefragnani.Bookmarks {"startup":true,"activationEvent":"*"}
[2017-12-17 15:00:45.146] [exthost1] [info] ExtensionService#loadCommonJSModule /Users/avanslaars/code_profiles/egghead/exts/alefragnani.bookmarks-0.18.0/out/src/extension
[2017-12-17 15:00:45.158] [exthost1] [info] ExtensionService#_doActivateExtension esbenp.prettier-vscode {"startup":true,"activationEvent":"*"}
[2017-12-17 15:00:45.158] [exthost1] [info] ExtensionService#loadCommonJSModule /Users/avanslaars/code_profiles/egghead/exts/esbenp.prettier-vscode-1.0.0/out/src/extension
[2017-12-17 15:00:45.480] [exthost1] [info] ExtensionService#_doActivateExtension ms-vscode.atom-keybindings {"startup":true,"activationEvent":"*"}
[2017-12-17 15:00:45.480] [exthost1] [info] ExtensionService#loadCommonJSModule /Users/avanslaars/code_profiles/egghead/exts/ms-vscode.atom-keybindings-3.0.2/extension
[2017-12-17 15:00:45.485] [exthost1] [info] eager extensions activated
[2017-12-17 15:00:45.532] [exthost1] [info] ExtensionService#_doActivateExtension vscode.configuration-editing {"startup":false,"activationEvent":"onLanguage:json"}
[2017-12-17 15:00:45.532] [exthost1] [info] ExtensionService#loadCommonJSModule /Applications/Visual Studio Code.app/Contents/Resources/app/extensions/configuration-editing/out/extension
[2017-12-17 15:00:45.547] [exthost1] [info] ExtensionService#_doActivateExtension vscode.extension-editing {"startup":false,"activationEvent":"onLanguage:json"}
[2017-12-17 15:00:45.547] [exthost1] [info] ExtensionService#loadCommonJSModule /Applications/Visual Studio Code.app/Contents/Resources/app/extensions/extension-editing/out/extension
[2017-12-17 15:00:45.587] [exthost1] [info] ExtensionService#_doActivateExtension vscode.javascript {"startup":false,"activationEvent":"onLanguage:json"}
[2017-12-17 15:00:45.587] [exthost1] [info] ExtensionService#loadCommonJSModule /Applications/Visual Studio Code.app/Contents/Resources/app/extensions/javascript/out/javascriptMain
[2017-12-17 15:00:45.643] [exthost1] [info] ExtensionService#_doActivateExtension vscode.json {"startup":false,"activationEvent":"onLanguage:json"}
[2017-12-17 15:00:45.643] [exthost1] [info] ExtensionService#loadCommonJSModule /Applications/Visual Studio Code.app/Contents/Resources/app/extensions/json/client/out/jsonMain
[2017-12-17 15:05:03.653] [exthost1] [info] extension host started
[2017-12-17 15:05:03.674] [exthost1] [info] ExtensionService#_doActivateExtension vscode.emmet {"startup":true,"activationEvent":"*"}
[2017-12-17 15:05:03.674] [exthost1] [info] ExtensionService#loadCommonJSModule /Applications/Visual Studio Code.app/Contents/Resources/app/extensions/emmet/out/extension
[2017-12-17 15:05:03.760] [exthost1] [info] ExtensionService#_doActivateExtension vscode.git {"startup":true,"activationEvent":"*"}
[2017-12-17 15:05:03.760] [exthost1] [info] ExtensionService#loadCommonJSModule /Applications/Visual Studio Code.app/Contents/Resources/app/extensions/git/out/main
[2017-12-17 15:05:03.890] [exthost1] [info] ExtensionService#_doActivateExtension vscode.merge-conflict {"startup":true,"activationEvent":"*"}
[2017-12-17 15:05:03.890] [exthost1] [info] ExtensionService#loadCommonJSModule /Applications/Visual Studio Code.app/Contents/Resources/app/extensions/merge-conflict/out/extension
[2017-12-17 15:05:03.915] [exthost1] [info] ExtensionService#_doActivateExtension WallabyJs.quokka-vscode {"startup":true,"activationEvent":"*"}
[2017-12-17 15:05:03.915] [exthost1] [info] ExtensionService#loadCommonJSModule /Users/avanslaars/code_profiles/egghead/exts/WallabyJs.quokka-vscode-1.0.84/index
[2017-12-17 15:05:03.916] [exthost1] [info] ExtensionService#_doActivateExtension WallabyJs.wallaby-vscode {"startup":true,"activationEvent":"*"}
[2017-12-17 15:05:03.916] [exthost1] [info] ExtensionService#loadCommonJSModule /Users/avanslaars/code_profiles/egghead/exts/WallabyJs.wallaby-vscode-1.0.68/index
[2017-12-17 15:05:03.917] [exthost1] [info] ExtensionService#_doActivateExtension alefragnani.Bookmarks {"startup":true,"activationEvent":"*"}
[2017-12-17 15:05:03.917] [exthost1] [info] ExtensionService#loadCommonJSModule /Users/avanslaars/code_profiles/egghead/exts/alefragnani.bookmarks-0.18.0/out/src/extension
[2017-12-17 15:05:03.936] [exthost1] [info] ExtensionService#_doActivateExtension esbenp.prettier-vscode {"startup":true,"activationEvent":"*"}
[2017-12-17 15:05:03.936] [exthost1] [info] ExtensionService#loadCommonJSModule /Users/avanslaars/code_profiles/egghead/exts/esbenp.prettier-vscode-1.0.0/out/src/extension
[2017-12-17 15:05:04.104] [exthost1] [info] ExtensionService#_doActivateExtension ms-vscode.atom-keybindings {"startup":true,"activationEvent":"*"}
[2017-12-17 15:05:04.104] [exthost1] [info] ExtensionService#loadCommonJSModule /Users/avanslaars/code_profiles/egghead/exts/ms-vscode.atom-keybindings-3.0.4/extension
[2017-12-17 15:05:04.109] [exthost1] [info] eager extensions activated
[2017-12-17 15:05:04.152] [exthost1] [info] ExtensionService#_doActivateExtension vscode.configuration-editing {"startup":false,"activationEvent":"onLanguage:jsonc"}
[2017-12-17 15:05:04.152] [exthost1] [info] ExtensionService#loadCommonJSModule /Applications/Visual Studio Code.app/Contents/Resources/app/extensions/configuration-editing/out/extension
[2017-12-17 15:05:04.165] [exthost1] [info] ExtensionService#_doActivateExtension vscode.json {"startup":false,"activationEvent":"onLanguage:jsonc"}
[2017-12-17 15:05:04.165] [exthost1] [info] ExtensionService#loadCommonJSModule /Applications/Visual Studio Code.app/Contents/Resources/app/extensions/json/client/out/jsonMain
[2017-12-17 15:05:25.811] [exthost1] [info] ExtensionService#_doActivateExtension vscode.javascript {"startup":false,"activationEvent":"onLanguage:javascript"}
[2017-12-17 15:05:25.811] [exthost1] [info] ExtensionService#loadCommonJSModule /Applications/Visual Studio Code.app/Contents/Resources/app/extensions/javascript/out/javascriptMain
[2017-12-17 15:05:25.853] [exthost1] [info] ExtensionService#_doActivateExtension vscode.typescript {"startup":false,"activationEvent":"onLanguage:javascript"}
[2017-12-17 15:05:25.853] [exthost1] [info] ExtensionService#loadCommonJSModule /Applications/Visual Studio Code.app/Contents/Resources/app/extensions/typescript/out/extension
[2017-12-17 15:08:14.170] [exthost1] [info] ExtensionService#_doActivateExtension vscode.extension-editing {"startup":false,"activationEvent":"onLanguage:typescript"}
[2017-12-17 15:08:14.170] [exthost1] [info] ExtensionService#loadCommonJSModule /Applications/Visual Studio Code.app/Contents/Resources/app/extensions/extension-editing/out/extension
[2017-12-18 08:38:56.299] [exthost1] [info] extension host started
[2017-12-18 08:38:56.326] [exthost1] [info] ExtensionService#_doActivateExtension vscode.emmet {"startup":true,"activationEvent":"*"}
[2017-12-18 08:38:56.326] [exthost1] [info] ExtensionService#loadCommonJSModule /Applications/Visual Studio Code.app/Contents/Resources/app/extensions/emmet/out/extension
[2017-12-18 08:38:56.470] [exthost1] [info] ExtensionService#_doActivateExtension vscode.git {"startup":true,"activationEvent":"*"}
[2017-12-18 08:38:56.470] [exthost1] [info] ExtensionService#loadCommonJSModule /Applications/Visual Studio Code.app/Contents/Resources/app/extensions/git/out/main
[2017-12-18 08:38:56.647] [exthost1] [info] ExtensionService#_doActivateExtension vscode.merge-conflict {"startup":true,"activationEvent":"*"}
[2017-12-18 08:38:56.647] [exthost1] [info] ExtensionService#loadCommonJSModule /Applications/Visual Studio Code.app/Contents/Resources/app/extensions/merge-conflict/out/extension
[2017-12-18 08:38:56.714] [exthost1] [info] ExtensionService#_doActivateExtension WallabyJs.quokka-vscode {"startup":true,"activationEvent":"*"}
[2017-12-18 08:38:56.714] [exthost1] [info] ExtensionService#loadCommonJSModule /Users/avanslaars/code_profiles/egghead/exts/WallabyJs.quokka-vscode-1.0.85/index
[2017-12-18 08:38:56.715] [exthost1] [info] ExtensionService#_doActivateExtension WallabyJs.wallaby-vscode {"startup":true,"activationEvent":"*"}
[2017-12-18 08:38:56.715] [exthost1] [info] ExtensionService#loadCommonJSModule /Users/avanslaars/code_profiles/egghead/exts/WallabyJs.wallaby-vscode-1.0.68/index
[2017-12-18 08:38:56.717] [exthost1] [info] ExtensionService#_doActivateExtension alefragnani.Bookmarks {"startup":true,"activationEvent":"*"}
[2017-12-18 08:38:56.717] [exthost1] [info] ExtensionService#loadCommonJSModule /Users/avanslaars/code_profiles/egghead/exts/alefragnani.bookmarks-0.18.0/out/src/extension
[2017-12-18 08:38:56.739] [exthost1] [info] ExtensionService#_doActivateExtension esbenp.prettier-vscode {"startup":true,"activationEvent":"*"}
[2017-12-18 08:38:56.739] [exthost1] [info] ExtensionService#loadCommonJSModule /Users/avanslaars/code_profiles/egghead/exts/esbenp.prettier-vscode-1.0.0/out/src/extension
[2017-12-18 08:38:57.037] [exthost1] [info] ExtensionService#_doActivateExtension ms-vscode.atom-keybindings {"startup":true,"activationEvent":"*"}
[2017-12-18 08:38:57.037] [exthost1] [info] ExtensionService#loadCommonJSModule /Users/avanslaars/code_profiles/egghead/exts/ms-vscode.atom-keybindings-3.0.4/extension
[2017-12-18 08:38:57.043] [exthost1] [info] eager extensions activated
[2017-12-18 08:38:57.099] [exthost1] [info] ExtensionService#_doActivateExtension vscode.javascript {"startup":false,"activationEvent":"onLanguage:javascript"}
[2017-12-18 08:38:57.099] [exthost1] [info] ExtensionService#loadCommonJSModule /Applications/Visual Studio Code.app/Contents/Resources/app/extensions/javascript/out/javascriptMain
[2017-12-18 08:38:57.170] [exthost1] [info] ExtensionService#_doActivateExtension vscode.typescript {"startup":false,"activationEvent":"onLanguage:javascript"}
[2017-12-18 08:38:57.170] [exthost1] [info] ExtensionService#loadCommonJSModule /Applications/Visual Studio Code.app/Contents/Resources/app/extensions/typescript/out/extension
[2017-12-18 08:39:57.816] [exthost1] [info] ExtensionService#_doActivateExtension vscode.extension-editing {"startup":false,"activationEvent":"onLanguage:typescript"}
[2017-12-18 08:39:57.816] [exthost1] [info] ExtensionService#loadCommonJSModule /Applications/Visual Studio Code.app/Contents/Resources/app/extensions/extension-editing/out/extension
