[2018-02-03 14:50:07.412] [exthost1] [info] extension host started
[2018-02-03 14:50:07.444] [exthost1] [info] ExtensionService#_doActivateExtension vscode.emmet {"startup":true,"activationEvent":"*"}
[2018-02-03 14:50:07.444] [exthost1] [info] ExtensionService#loadCommonJSModule /Applications/Visual Studio Code.app/Contents/Resources/app/extensions/emmet/out/extension
[2018-02-03 14:50:07.554] [exthost1] [info] ExtensionService#_doActivateExtension vscode.git {"startup":true,"activationEvent":"*"}
[2018-02-03 14:50:07.554] [exthost1] [info] ExtensionService#loadCommonJSModule /Applications/Visual Studio Code.app/Contents/Resources/app/extensions/git/out/main
[2018-02-03 14:50:07.718] [exthost1] [info] ExtensionService#_doActivateExtension vscode.merge-conflict {"startup":true,"activationEvent":"*"}
[2018-02-03 14:50:07.718] [exthost1] [info] ExtensionService#loadCommonJSModule /Applications/Visual Studio Code.app/Contents/Resources/app/extensions/merge-conflict/out/extension
[2018-02-03 14:50:07.753] [exthost1] [info] ExtensionService#_doActivateExtension WallabyJs.quokka-vscode {"startup":true,"activationEvent":"*"}
[2018-02-03 14:50:07.753] [exthost1] [info] ExtensionService#loadCommonJSModule /Users/avanslaars/code_profiles/egghead/exts/WallabyJs.quokka-vscode-1.0.94/index
[2018-02-03 14:50:07.760] [exthost1] [info] ExtensionService#_doActivateExtension WallabyJs.wallaby-vscode {"startup":true,"activationEvent":"*"}
[2018-02-03 14:50:07.760] [exthost1] [info] ExtensionService#loadCommonJSModule /Users/avanslaars/code_profiles/egghead/exts/WallabyJs.wallaby-vscode-1.0.75/index
[2018-02-03 14:50:07.765] [exthost1] [info] ExtensionService#_doActivateExtension alefragnani.Bookmarks {"startup":true,"activationEvent":"*"}
[2018-02-03 14:50:07.765] [exthost1] [info] ExtensionService#loadCommonJSModule /Users/avanslaars/code_profiles/egghead/exts/alefragnani.bookmarks-0.18.1/out/src/extension
[2018-02-03 14:50:07.791] [exthost1] [info] ExtensionService#_doActivateExtension esbenp.prettier-vscode {"startup":true,"activationEvent":"*"}
[2018-02-03 14:50:07.791] [exthost1] [info] ExtensionService#loadCommonJSModule /Users/avanslaars/code_profiles/egghead/exts/esbenp.prettier-vscode-1.1.2/out/src/extension
[2018-02-03 14:50:08.181] [exthost1] [info] eager extensions activated
[2018-02-03 14:50:08.216] [exthost1] [info] ExtensionService#_doActivateExtension vscode.javascript {"startup":false,"activationEvent":"onLanguage:javascript"}
[2018-02-03 14:50:08.216] [exthost1] [info] ExtensionService#loadCommonJSModule /Applications/Visual Studio Code.app/Contents/Resources/app/extensions/javascript/out/javascriptMain
[2018-02-03 14:50:08.257] [exthost1] [info] ExtensionService#_doActivateExtension vscode.typescript {"startup":false,"activationEvent":"onLanguage:javascript"}
[2018-02-03 14:50:08.257] [exthost1] [info] ExtensionService#loadCommonJSModule /Applications/Visual Studio Code.app/Contents/Resources/app/extensions/typescript/out/extension
[2018-02-03 16:02:38.097] [exthost1] [info] ExtensionService#_doActivateExtension vscode.extension-editing {"startup":false,"activationEvent":"onLanguage:typescript"}
[2018-02-03 16:02:38.097] [exthost1] [info] ExtensionService#loadCommonJSModule /Applications/Visual Studio Code.app/Contents/Resources/app/extensions/extension-editing/out/extension
[2018-02-03 16:31:57.546] [exthost1] [info] ExtensionService#_doActivateExtension vscode.configuration-editing {"startup":false,"activationEvent":"onLanguage:json"}
[2018-02-03 16:31:57.547] [exthost1] [info] ExtensionService#loadCommonJSModule /Applications/Visual Studio Code.app/Contents/Resources/app/extensions/configuration-editing/out/extension
[2018-02-03 16:31:57.571] [exthost1] [info] ExtensionService#_doActivateExtension vscode.json {"startup":false,"activationEvent":"onLanguage:json"}
[2018-02-03 16:31:57.571] [exthost1] [info] ExtensionService#loadCommonJSModule /Applications/Visual Studio Code.app/Contents/Resources/app/extensions/json/client/out/jsonMain
