[2018-05-27 13:50:10.554] [exthost3] [info] extension host started
[2018-05-27 13:50:10.595] [exthost3] [info] ExtensionService#_doActivateExtension vscode.emmet {"startup":true,"activationEvent":"*"}
[2018-05-27 13:50:10.595] [exthost3] [info] ExtensionService#loadCommonJSModule /Applications/Visual Studio Code.app/Contents/Resources/app/extensions/emmet/out/extension
[2018-05-27 13:50:10.719] [exthost3] [info] ExtensionService#_doActivateExtension vscode.git {"startup":true,"activationEvent":"*"}
[2018-05-27 13:50:10.719] [exthost3] [info] ExtensionService#loadCommonJSModule /Applications/Visual Studio Code.app/Contents/Resources/app/extensions/git/out/main
[2018-05-27 13:50:11.500] [exthost3] [info] ExtensionService#_doActivateExtension vscode.merge-conflict {"startup":true,"activationEvent":"*"}
[2018-05-27 13:50:11.500] [exthost3] [info] ExtensionService#loadCommonJSModule /Applications/Visual Studio Code.app/Contents/Resources/app/extensions/merge-conflict/out/extension
[2018-05-27 13:50:11.520] [exthost3] [info] ExtensionService#_doActivateExtension CoenraadS.bracket-pair-colorizer {"startup":true,"activationEvent":"*"}
[2018-05-27 13:50:11.520] [exthost3] [info] ExtensionService#loadCommonJSModule /Users/avanslaars/code_profiles/egghead/exts/CoenraadS.bracket-pair-colorizer-1.0.55/out/src/extension
[2018-05-27 13:50:11.546] [exthost3] [info] ExtensionService#_doActivateExtension WallabyJs.quokka-vscode {"startup":true,"activationEvent":"*"}
[2018-05-27 13:50:11.546] [exthost3] [info] ExtensionService#loadCommonJSModule /Users/avanslaars/code_profiles/egghead/exts/WallabyJs.quokka-vscode-1.0.125/index
[2018-05-27 13:50:11.547] [exthost3] [info] ExtensionService#_doActivateExtension WallabyJs.wallaby-vscode {"startup":true,"activationEvent":"*"}
[2018-05-27 13:50:11.547] [exthost3] [info] ExtensionService#loadCommonJSModule /Users/avanslaars/code_profiles/egghead/exts/WallabyJs.wallaby-vscode-1.0.84/index
[2018-05-27 13:50:11.549] [exthost3] [info] ExtensionService#_doActivateExtension alefragnani.Bookmarks {"startup":true,"activationEvent":"*"}
[2018-05-27 13:50:11.549] [exthost3] [info] ExtensionService#loadCommonJSModule /Users/avanslaars/code_profiles/egghead/exts/alefragnani.bookmarks-0.19.1/out/src/extension
[2018-05-27 13:50:11.563] [exthost3] [info] ExtensionService#_doActivateExtension esbenp.prettier-vscode {"startup":true,"activationEvent":"*"}
[2018-05-27 13:50:11.563] [exthost3] [info] ExtensionService#loadCommonJSModule /Users/avanslaars/code_profiles/egghead/exts/esbenp.prettier-vscode-1.3.1/out/src/extension
[2018-05-27 13:50:11.783] [exthost3] [info] eager extensions activated
[2018-05-27 13:51:02.411] [exthost3] [info] extension host started
[2018-05-27 13:51:02.436] [exthost3] [info] ExtensionService#_doActivateExtension vscode.emmet {"startup":true,"activationEvent":"*"}
[2018-05-27 13:51:02.437] [exthost3] [info] ExtensionService#loadCommonJSModule /Applications/Visual Studio Code.app/Contents/Resources/app/extensions/emmet/out/extension
[2018-05-27 13:51:02.518] [exthost3] [info] ExtensionService#_doActivateExtension vscode.git {"startup":true,"activationEvent":"*"}
[2018-05-27 13:51:02.519] [exthost3] [info] ExtensionService#loadCommonJSModule /Applications/Visual Studio Code.app/Contents/Resources/app/extensions/git/out/main
[2018-05-27 13:51:02.735] [exthost3] [info] ExtensionService#_doActivateExtension vscode.merge-conflict {"startup":true,"activationEvent":"*"}
[2018-05-27 13:51:02.735] [exthost3] [info] ExtensionService#loadCommonJSModule /Applications/Visual Studio Code.app/Contents/Resources/app/extensions/merge-conflict/out/extension
[2018-05-27 13:51:02.755] [exthost3] [info] ExtensionService#_doActivateExtension CoenraadS.bracket-pair-colorizer {"startup":true,"activationEvent":"*"}
[2018-05-27 13:51:02.755] [exthost3] [info] ExtensionService#loadCommonJSModule /Users/avanslaars/code_profiles/egghead/exts/CoenraadS.bracket-pair-colorizer-1.0.55/out/src/extension
[2018-05-27 13:51:02.775] [exthost3] [info] ExtensionService#_doActivateExtension WallabyJs.quokka-vscode {"startup":true,"activationEvent":"*"}
[2018-05-27 13:51:02.775] [exthost3] [info] ExtensionService#loadCommonJSModule /Users/avanslaars/code_profiles/egghead/exts/WallabyJs.quokka-vscode-1.0.125/index
[2018-05-27 13:51:02.777] [exthost3] [info] ExtensionService#_doActivateExtension WallabyJs.wallaby-vscode {"startup":true,"activationEvent":"*"}
[2018-05-27 13:51:02.777] [exthost3] [info] ExtensionService#loadCommonJSModule /Users/avanslaars/code_profiles/egghead/exts/WallabyJs.wallaby-vscode-1.0.84/index
[2018-05-27 13:51:02.779] [exthost3] [info] ExtensionService#_doActivateExtension alefragnani.Bookmarks {"startup":true,"activationEvent":"*"}
[2018-05-27 13:51:02.779] [exthost3] [info] ExtensionService#loadCommonJSModule /Users/avanslaars/code_profiles/egghead/exts/alefragnani.bookmarks-0.19.1/out/src/extension
[2018-05-27 13:51:02.791] [exthost3] [info] ExtensionService#_doActivateExtension esbenp.prettier-vscode {"startup":true,"activationEvent":"*"}
[2018-05-27 13:51:02.791] [exthost3] [info] ExtensionService#loadCommonJSModule /Users/avanslaars/code_profiles/egghead/exts/esbenp.prettier-vscode-1.3.1/out/src/extension
[2018-05-27 13:51:03.682] [exthost3] [info] ExtensionService#_doActivateExtension vscode.npm {"startup":true,"activationEvent":"workspaceContains:package.json"}
[2018-05-27 13:51:03.682] [exthost3] [info] ExtensionService#loadCommonJSModule /Applications/Visual Studio Code.app/Contents/Resources/app/extensions/npm/out/main
[2018-05-27 13:51:03.913] [exthost3] [info] eager extensions activated
[2018-05-27 13:51:03.917] [exthost3] [info] ExtensionService#_doActivateExtension vscode.typescript-language-features {"startup":false,"activationEvent":"onLanguage:javascript"}
[2018-05-27 13:51:03.917] [exthost3] [info] ExtensionService#loadCommonJSModule /Applications/Visual Studio Code.app/Contents/Resources/app/extensions/typescript-language-features/out/extension
[2018-05-27 14:05:45.772] [exthost3] [info] ExtensionService#_doActivateExtension vscode.configuration-editing {"startup":false,"activationEvent":"onLanguage:jsonc"}
[2018-05-27 14:05:45.772] [exthost3] [info] ExtensionService#loadCommonJSModule /Applications/Visual Studio Code.app/Contents/Resources/app/extensions/configuration-editing/out/extension
[2018-05-27 14:05:45.813] [exthost3] [info] ExtensionService#_doActivateExtension vscode.json-language-features {"startup":false,"activationEvent":"onLanguage:jsonc"}
[2018-05-27 14:05:45.856] [exthost3] [info] ExtensionService#loadCommonJSModule /Applications/Visual Studio Code.app/Contents/Resources/app/extensions/json-language-features/client/out/jsonMain
[2018-05-28 09:34:04.581] [exthost3] [info] extension host started
[2018-05-28 09:34:04.638] [exthost3] [info] ExtensionService#_doActivateExtension vscode.emmet {"startup":true,"activationEvent":"*"}
[2018-05-28 09:34:04.638] [exthost3] [info] ExtensionService#loadCommonJSModule /Applications/Visual Studio Code.app/Contents/Resources/app/extensions/emmet/out/extension
[2018-05-28 09:34:04.771] [exthost3] [info] ExtensionService#_doActivateExtension vscode.git {"startup":true,"activationEvent":"*"}
[2018-05-28 09:34:04.771] [exthost3] [info] ExtensionService#loadCommonJSModule /Applications/Visual Studio Code.app/Contents/Resources/app/extensions/git/out/main
[2018-05-28 09:34:05.135] [exthost3] [info] ExtensionService#_doActivateExtension vscode.merge-conflict {"startup":true,"activationEvent":"*"}
[2018-05-28 09:34:05.135] [exthost3] [info] ExtensionService#loadCommonJSModule /Applications/Visual Studio Code.app/Contents/Resources/app/extensions/merge-conflict/out/extension
[2018-05-28 09:34:05.166] [exthost3] [info] ExtensionService#_doActivateExtension CoenraadS.bracket-pair-colorizer {"startup":true,"activationEvent":"*"}
[2018-05-28 09:34:05.166] [exthost3] [info] ExtensionService#loadCommonJSModule /Users/avanslaars/code_profiles/egghead/exts/CoenraadS.bracket-pair-colorizer-1.0.55/out/src/extension
[2018-05-28 09:34:05.202] [exthost3] [info] ExtensionService#_doActivateExtension WallabyJs.quokka-vscode {"startup":true,"activationEvent":"*"}
[2018-05-28 09:34:05.202] [exthost3] [info] ExtensionService#loadCommonJSModule /Users/avanslaars/code_profiles/egghead/exts/WallabyJs.quokka-vscode-1.0.125/index
[2018-05-28 09:34:05.204] [exthost3] [info] ExtensionService#_doActivateExtension WallabyJs.wallaby-vscode {"startup":true,"activationEvent":"*"}
[2018-05-28 09:34:05.204] [exthost3] [info] ExtensionService#loadCommonJSModule /Users/avanslaars/code_profiles/egghead/exts/WallabyJs.wallaby-vscode-1.0.84/index
[2018-05-28 09:34:05.209] [exthost3] [info] ExtensionService#_doActivateExtension alefragnani.Bookmarks {"startup":true,"activationEvent":"*"}
[2018-05-28 09:34:05.209] [exthost3] [info] ExtensionService#loadCommonJSModule /Users/avanslaars/code_profiles/egghead/exts/alefragnani.bookmarks-0.19.1/out/src/extension
[2018-05-28 09:34:05.228] [exthost3] [info] ExtensionService#_doActivateExtension esbenp.prettier-vscode {"startup":true,"activationEvent":"*"}
[2018-05-28 09:34:05.228] [exthost3] [info] ExtensionService#loadCommonJSModule /Users/avanslaars/code_profiles/egghead/exts/esbenp.prettier-vscode-1.3.1/out/src/extension
[2018-05-28 09:34:05.602] [exthost3] [info] ExtensionService#_doActivateExtension vscode.npm {"startup":true,"activationEvent":"workspaceContains:package.json"}
[2018-05-28 09:34:05.602] [exthost3] [info] ExtensionService#loadCommonJSModule /Applications/Visual Studio Code.app/Contents/Resources/app/extensions/npm/out/main
[2018-05-28 09:34:05.757] [exthost3] [info] eager extensions activated
[2018-05-28 09:34:14.526] [exthost3] [info] ExtensionService#_doActivateExtension vscode.typescript-language-features {"startup":false,"activationEvent":"onLanguage:javascript"}
[2018-05-28 09:34:14.526] [exthost3] [info] ExtensionService#loadCommonJSModule /Applications/Visual Studio Code.app/Contents/Resources/app/extensions/typescript-language-features/out/extension
[2018-05-28 09:37:22.721] [exthost3] [info] ExtensionService#_doActivateExtension vscode.configuration-editing {"startup":false,"activationEvent":"onLanguage:json"}
[2018-05-28 09:37:22.721] [exthost3] [info] ExtensionService#loadCommonJSModule /Applications/Visual Studio Code.app/Contents/Resources/app/extensions/configuration-editing/out/extension
[2018-05-28 09:37:22.738] [exthost3] [info] ExtensionService#_doActivateExtension vscode.extension-editing {"startup":false,"activationEvent":"onLanguage:json"}
[2018-05-28 09:37:22.738] [exthost3] [info] ExtensionService#loadCommonJSModule /Applications/Visual Studio Code.app/Contents/Resources/app/extensions/extension-editing/out/extension
[2018-05-28 09:37:22.761] [exthost3] [info] ExtensionService#_doActivateExtension vscode.json-language-features {"startup":false,"activationEvent":"onLanguage:json"}
[2018-05-28 09:37:22.761] [exthost3] [info] ExtensionService#loadCommonJSModule /Applications/Visual Studio Code.app/Contents/Resources/app/extensions/json-language-features/client/out/jsonMain
