[2018-05-26 10:11:01.426] [sharedprocess] [info] main {"machineId":"95ee68271e790d2347442ebf0570f4b0c6bf9bb7a23da3e6afd9a9886694bcdd"}
[2018-05-26 10:11:01.493] [sharedprocess] [info] Scanned user extensions: 6
[2018-05-26 10:11:01.582] [sharedprocess] [info] Scanned system extensions: 69
[2018-05-26 10:11:04.736] [sharedprocess] [info] Scanned user extensions: 6
[2018-05-26 10:11:04.738] [sharedprocess] [info] Scanned user extensions: 6
[2018-05-26 10:11:04.743] [sharedprocess] [info] Scanned user extensions: 6
[2018-05-26 10:11:04.826] [sharedprocess] [info] Scanned system extensions: 69
[2018-05-26 10:11:04.830] [sharedprocess] [info] Scanned system extensions: 69
[2018-05-26 10:11:06.647] [sharedprocess] [info] Installing extension: quokka-vscode
[2018-05-26 10:11:06.648] [sharedprocess] [info] Installing extension: wallaby-vscode
[2018-05-26 10:11:06.649] [sharedprocess] [info] Installing extension: Bookmarks
[2018-05-26 10:11:06.650] [sharedprocess] [info] Installing extension: code-fragments
[2018-05-26 10:11:06.663] [sharedprocess] [info] Scanned user extensions: 6
[2018-05-26 10:11:06.668] [sharedprocess] [info] Scanned user extensions: 6
[2018-05-26 10:11:06.675] [sharedprocess] [info] Scanned user extensions: 6
[2018-05-26 10:11:06.679] [sharedprocess] [info] Scanned user extensions: 6
[2018-05-26 10:11:07.189] [sharedprocess] [info] Scanned user extensions: 6
[2018-05-26 10:11:07.247] [sharedprocess] [info] Downloaded extension: Bookmarks
[2018-05-26 10:11:07.334] [sharedprocess] [info] Downloaded extension: code-fragments
[2018-05-26 10:11:07.361] [sharedprocess] [info] Downloaded extension: wallaby-vscode
[2018-05-26 10:11:07.428] [sharedprocess] [info] Downloaded extension: quokka-vscode
[2018-05-26 10:11:07.544] [sharedprocess] [info] Extracted extension to /Users/avanslaars/code_profiles/egghead/exts/.markvincze.code-fragments-1.2.0: markvincze.code-fragments-1.2.0
[2018-05-26 10:11:07.544] [sharedprocess] [info] Renamed to /Users/avanslaars/code_profiles/egghead/exts/markvincze.code-fragments-1.2.0
[2018-05-26 10:11:07.544] [sharedprocess] [info] Installation completed. markvincze.code-fragments-1.2.0
[2018-05-26 10:11:07.554] [sharedprocess] [info] Extracted extension to /Users/avanslaars/code_profiles/egghead/exts/.alefragnani.bookmarks-0.19.1: alefragnani.bookmarks-0.19.1
[2018-05-26 10:11:07.555] [sharedprocess] [info] Renamed to /Users/avanslaars/code_profiles/egghead/exts/alefragnani.bookmarks-0.19.1
[2018-05-26 10:11:07.555] [sharedprocess] [info] Installation completed. alefragnani.bookmarks-0.19.1
[2018-05-26 10:11:07.568] [sharedprocess] [info] Extensions installed successfully: markvincze.code-fragments
[2018-05-26 10:11:07.620] [sharedprocess] [info] Extensions installed successfully: alefragnani.bookmarks
[2018-05-26 10:11:07.762] [sharedprocess] [info] Scanned user extensions: 6
[2018-05-26 10:11:07.765] [sharedprocess] [info] Scanned user extensions: 6
[2018-05-26 10:11:07.872] [sharedprocess] [info] Scanned system extensions: 69
[2018-05-26 10:11:07.876] [sharedprocess] [info] Scanned system extensions: 69
[2018-05-26 10:11:10.356] [sharedprocess] [info] Extracted extension to /Users/avanslaars/code_profiles/egghead/exts/.WallabyJs.wallaby-vscode-1.0.84: WallabyJs.wallaby-vscode-1.0.84
[2018-05-26 10:11:10.358] [sharedprocess] [info] Renamed to /Users/avanslaars/code_profiles/egghead/exts/WallabyJs.wallaby-vscode-1.0.84
[2018-05-26 10:11:10.358] [sharedprocess] [info] Installation completed. WallabyJs.wallaby-vscode-1.0.84
[2018-05-26 10:11:10.384] [sharedprocess] [info] Extensions installed successfully: WallabyJs.wallaby-vscode
[2018-05-26 10:11:10.498] [sharedprocess] [info] Scanned user extensions: 6
[2018-05-26 10:11:10.523] [sharedprocess] [info] Scanned system extensions: 69
[2018-05-26 10:11:11.423] [sharedprocess] [info] Extracted extension to /Users/avanslaars/code_profiles/egghead/exts/.WallabyJs.quokka-vscode-1.0.125: WallabyJs.quokka-vscode-1.0.125
[2018-05-26 10:11:11.423] [sharedprocess] [info] Renamed to /Users/avanslaars/code_profiles/egghead/exts/WallabyJs.quokka-vscode-1.0.125
[2018-05-26 10:11:11.423] [sharedprocess] [info] Installation completed. WallabyJs.quokka-vscode-1.0.125
[2018-05-26 10:11:11.463] [sharedprocess] [info] Extensions installed successfully: WallabyJs.quokka-vscode
[2018-05-26 10:11:11.575] [sharedprocess] [info] Scanned user extensions: 6
[2018-05-26 10:11:11.628] [sharedprocess] [info] Scanned system extensions: 69
[2018-05-26 10:11:41.439] [sharedprocess] [info] Starting to clean up unused language packs.
[2018-05-26 10:11:56.691] [sharedprocess] [info] Scanned user extensions: 6
[2018-05-26 10:11:56.691] [sharedprocess] [info] Scanned user extensions: 6
[2018-05-26 10:11:56.696] [sharedprocess] [info] Scanned user extensions: 6
[2018-05-26 10:11:56.783] [sharedprocess] [info] Scanned system extensions: 69
[2018-05-26 10:11:56.787] [sharedprocess] [info] Scanned system extensions: 69
[2018-05-26 10:12:07.105] [sharedprocess] [info] Installing extension: night-owl
[2018-05-26 10:12:07.117] [sharedprocess] [info] Scanned user extensions: 6
[2018-05-26 10:12:07.508] [sharedprocess] [info] Downloaded extension: night-owl
[2018-05-26 10:12:07.610] [sharedprocess] [info] Extracted extension to /Users/avanslaars/code_profiles/egghead/exts/.sdras.night-owl-0.2.4: sdras.night-owl-0.2.4
[2018-05-26 10:12:07.611] [sharedprocess] [info] Renamed to /Users/avanslaars/code_profiles/egghead/exts/sdras.night-owl-0.2.4
[2018-05-26 10:12:07.611] [sharedprocess] [info] Installation completed. sdras.night-owl-0.2.4
[2018-05-26 10:12:07.640] [sharedprocess] [info] Extensions installed successfully: sdras.night-owl
[2018-05-26 10:12:07.816] [sharedprocess] [info] Scanned user extensions: 7
[2018-05-26 10:12:07.860] [sharedprocess] [info] Scanned system extensions: 69
[2018-05-26 10:12:12.075] [sharedprocess] [info] Scanned user extensions: 7
[2018-05-26 10:12:12.077] [sharedprocess] [info] Scanned user extensions: 7
[2018-05-26 10:12:12.083] [sharedprocess] [info] Scanned user extensions: 7
[2018-05-26 10:12:12.088] [sharedprocess] [info] Scanned user extensions: 7
[2018-05-26 10:12:12.091] [sharedprocess] [info] Scanned user extensions: 7
[2018-05-26 10:12:12.184] [sharedprocess] [info] Scanned system extensions: 69
[2018-05-26 10:12:12.189] [sharedprocess] [info] Scanned system extensions: 69
[2018-05-26 10:12:12.195] [sharedprocess] [info] Scanned system extensions: 69
[2018-05-26 10:12:15.546] [sharedprocess] [info] Scanned user extensions: 7
[2018-05-26 10:17:15.627] [sharedprocess] [info] Scanned user extensions: 7
[2018-05-26 10:22:15.692] [sharedprocess] [info] Scanned user extensions: 7
[2018-05-26 10:27:15.723] [sharedprocess] [info] Scanned user extensions: 7
[2018-05-26 10:30:26.242] [sharedprocess] [info] Installing extension: bracket-pair-colorizer
[2018-05-26 10:30:26.255] [sharedprocess] [info] Scanned user extensions: 7
[2018-05-26 10:30:26.635] [sharedprocess] [info] Downloaded extension: bracket-pair-colorizer
[2018-05-26 10:30:29.110] [sharedprocess] [info] Extracted extension to /Users/avanslaars/code_profiles/egghead/exts/.CoenraadS.bracket-pair-colorizer-1.0.55: CoenraadS.bracket-pair-colorizer-1.0.55
[2018-05-26 10:30:29.110] [sharedprocess] [info] Renamed to /Users/avanslaars/code_profiles/egghead/exts/CoenraadS.bracket-pair-colorizer-1.0.55
[2018-05-26 10:30:29.110] [sharedprocess] [info] Installation completed. CoenraadS.bracket-pair-colorizer-1.0.55
[2018-05-26 10:30:29.133] [sharedprocess] [info] Extensions installed successfully: CoenraadS.bracket-pair-colorizer
[2018-05-26 10:30:29.326] [sharedprocess] [info] Scanned user extensions: 8
[2018-05-26 10:30:29.360] [sharedprocess] [info] Scanned system extensions: 69
[2018-05-26 10:30:32.589] [sharedprocess] [info] Scanned user extensions: 8
[2018-05-26 10:30:32.590] [sharedprocess] [info] Scanned user extensions: 8
[2018-05-26 10:30:32.594] [sharedprocess] [info] Scanned user extensions: 8
[2018-05-26 10:30:32.594] [sharedprocess] [info] Scanned user extensions: 8
[2018-05-26 10:30:32.596] [sharedprocess] [info] Scanned user extensions: 8
[2018-05-26 10:30:32.697] [sharedprocess] [info] Scanned system extensions: 69
[2018-05-26 10:30:32.704] [sharedprocess] [info] Scanned system extensions: 69
[2018-05-26 10:30:32.707] [sharedprocess] [info] Scanned system extensions: 69
[2018-05-26 10:30:36.251] [sharedprocess] [info] Scanned user extensions: 8
[2018-05-26 10:35:36.283] [sharedprocess] [info] Scanned user extensions: 8
[2018-05-26 10:40:36.316] [sharedprocess] [info] Scanned user extensions: 8
[2018-05-26 10:45:36.343] [sharedprocess] [info] Scanned user extensions: 8
[2018-05-26 10:50:36.373] [sharedprocess] [info] Scanned user extensions: 8
[2018-05-26 10:55:36.402] [sharedprocess] [info] Scanned user extensions: 8
[2018-05-26 11:00:36.432] [sharedprocess] [info] Scanned user extensions: 8
[2018-05-26 11:05:36.461] [sharedprocess] [info] Scanned user extensions: 8
[2018-05-26 11:10:36.492] [sharedprocess] [info] Scanned user extensions: 8
[2018-05-26 11:15:36.630] [sharedprocess] [info] Scanned user extensions: 8
[2018-05-26 11:20:36.662] [sharedprocess] [info] Scanned user extensions: 8
[2018-05-26 11:25:36.696] [sharedprocess] [info] Scanned user extensions: 8
[2018-05-26 11:30:36.751] [sharedprocess] [info] Scanned user extensions: 8
[2018-05-26 11:35:36.836] [sharedprocess] [info] Scanned user extensions: 8
[2018-05-26 11:40:36.924] [sharedprocess] [info] Scanned user extensions: 8
[2018-05-26 11:45:37.005] [sharedprocess] [info] Scanned user extensions: 8
[2018-05-26 11:50:37.054] [sharedprocess] [info] Scanned user extensions: 8
[2018-05-26 11:55:37.104] [sharedprocess] [info] Scanned user extensions: 8
[2018-05-26 12:00:37.166] [sharedprocess] [info] Scanned user extensions: 8
[2018-05-26 12:05:37.230] [sharedprocess] [info] Scanned user extensions: 8
[2018-05-26 12:10:37.297] [sharedprocess] [info] Scanned user extensions: 8
[2018-05-26 12:15:37.557] [sharedprocess] [info] Scanned user extensions: 8
[2018-05-26 12:20:37.612] [sharedprocess] [info] Scanned user extensions: 8
[2018-05-26 12:25:37.683] [sharedprocess] [info] Scanned user extensions: 8
[2018-05-26 12:30:37.747] [sharedprocess] [info] Scanned user extensions: 8
[2018-05-26 12:35:37.836] [sharedprocess] [info] Scanned user extensions: 8
[2018-05-26 12:40:37.874] [sharedprocess] [info] Scanned user extensions: 8
[2018-05-26 12:45:37.914] [sharedprocess] [info] Scanned user extensions: 8
[2018-05-26 12:50:37.953] [sharedprocess] [info] Scanned user extensions: 8
[2018-05-26 12:55:37.985] [sharedprocess] [info] Scanned user extensions: 8
[2018-05-26 13:00:38.020] [sharedprocess] [info] Scanned user extensions: 8
[2018-05-26 13:05:38.046] [sharedprocess] [info] Scanned user extensions: 8
[2018-05-26 13:10:38.084] [sharedprocess] [info] Scanned user extensions: 8
[2018-05-26 13:15:38.216] [sharedprocess] [info] Scanned user extensions: 8
[2018-05-26 13:20:38.244] [sharedprocess] [info] Scanned user extensions: 8
[2018-05-26 13:25:38.271] [sharedprocess] [info] Scanned user extensions: 8
[2018-05-26 13:30:38.304] [sharedprocess] [info] Scanned user extensions: 8
[2018-05-26 13:35:38.338] [sharedprocess] [info] Scanned user extensions: 8
[2018-05-26 13:40:38.368] [sharedprocess] [info] Scanned user extensions: 8
[2018-05-26 13:45:38.401] [sharedprocess] [info] Scanned user extensions: 8
[2018-05-26 13:50:38.439] [sharedprocess] [info] Scanned user extensions: 8
[2018-05-26 13:55:38.471] [sharedprocess] [info] Scanned user extensions: 8
[2018-05-26 14:00:38.509] [sharedprocess] [info] Scanned user extensions: 8
[2018-05-26 14:05:38.539] [sharedprocess] [info] Scanned user extensions: 8
[2018-05-27 13:50:10.253] [sharedprocess] [info] Scanned user extensions: 8
[2018-05-27 13:50:10.253] [sharedprocess] [info] Scanned user extensions: 8
[2018-05-27 13:50:10.254] [sharedprocess] [info] Scanned user extensions: 8
[2018-05-27 13:50:10.369] [sharedprocess] [info] Scanned system extensions: 69
[2018-05-27 13:50:10.376] [sharedprocess] [info] Scanned system extensions: 69
[2018-05-27 13:50:11.866] [sharedprocess] [info] Installing extension: night-owl
[2018-05-27 13:50:11.876] [sharedprocess] [info] Scanned user extensions: 8
[2018-05-27 13:50:12.458] [sharedprocess] [info] Scanned user extensions: 8
[2018-05-27 13:50:13.420] [sharedprocess] [info] Downloaded extension: night-owl
[2018-05-27 13:50:13.474] [sharedprocess] [info] Extracted extension to /Users/avanslaars/code_profiles/egghead/exts/.sdras.night-owl-0.2.6: sdras.night-owl-0.2.6
[2018-05-27 13:50:13.474] [sharedprocess] [info] Renamed to /Users/avanslaars/code_profiles/egghead/exts/sdras.night-owl-0.2.6
[2018-05-27 13:50:13.474] [sharedprocess] [info] Installation completed. sdras.night-owl-0.2.6
[2018-05-27 13:50:14.555] [sharedprocess] [info] Extensions installed successfully: sdras.night-owl
[2018-05-27 13:50:14.687] [sharedprocess] [info] Scanned user extensions: 8
[2018-05-27 13:50:14.710] [sharedprocess] [info] Scanned system extensions: 69
[2018-05-27 13:50:58.743] [sharedprocess] [info] Scanned user extensions: 8
[2018-05-27 13:50:58.744] [sharedprocess] [info] Scanned user extensions: 8
[2018-05-27 13:50:58.784] [sharedprocess] [info] Scanned system extensions: 69
[2018-05-27 13:51:02.216] [sharedprocess] [info] Scanned user extensions: 8
[2018-05-27 13:56:02.459] [sharedprocess] [info] Scanned user extensions: 8
[2018-05-27 14:01:02.509] [sharedprocess] [info] Scanned user extensions: 8
[2018-05-27 14:06:02.549] [sharedprocess] [info] Scanned user extensions: 8
[2018-05-27 14:11:02.580] [sharedprocess] [info] Scanned user extensions: 8
[2018-05-27 14:16:02.626] [sharedprocess] [info] Scanned user extensions: 8
[2018-05-27 14:21:02.655] [sharedprocess] [info] Scanned user extensions: 8
[2018-05-27 14:26:02.688] [sharedprocess] [info] Scanned user extensions: 8
[2018-05-27 14:31:02.731] [sharedprocess] [info] Scanned user extensions: 8
[2018-05-27 14:36:02.783] [sharedprocess] [info] Scanned user extensions: 8
[2018-05-27 14:41:02.830] [sharedprocess] [info] Scanned user extensions: 8
[2018-05-27 14:46:02.890] [sharedprocess] [info] Scanned user extensions: 8
[2018-05-27 14:51:03.086] [sharedprocess] [info] Scanned user extensions: 8
[2018-05-27 14:56:03.135] [sharedprocess] [info] Scanned user extensions: 8
[2018-05-27 15:01:03.173] [sharedprocess] [info] Scanned user extensions: 8
[2018-05-27 15:06:03.213] [sharedprocess] [info] Scanned user extensions: 8
[2018-05-27 15:11:03.246] [sharedprocess] [info] Scanned user extensions: 8
[2018-05-27 15:16:03.278] [sharedprocess] [info] Scanned user extensions: 8
[2018-05-27 15:21:03.314] [sharedprocess] [info] Scanned user extensions: 8
[2018-05-27 15:26:03.345] [sharedprocess] [info] Scanned user extensions: 8
[2018-05-27 15:31:03.382] [sharedprocess] [info] Scanned user extensions: 8
[2018-05-27 15:36:03.410] [sharedprocess] [info] Scanned user extensions: 8
[2018-05-27 15:41:03.445] [sharedprocess] [info] Scanned user extensions: 8
[2018-05-27 15:46:03.474] [sharedprocess] [info] Scanned user extensions: 8
[2018-05-27 15:51:03.588] [sharedprocess] [info] Scanned user extensions: 8
[2018-05-27 15:56:03.615] [sharedprocess] [info] Scanned user extensions: 8
[2018-05-27 16:01:03.643] [sharedprocess] [info] Scanned user extensions: 8
[2018-05-27 16:06:03.673] [sharedprocess] [info] Scanned user extensions: 8
[2018-05-27 16:11:03.708] [sharedprocess] [info] Scanned user extensions: 8
[2018-05-27 16:16:03.753] [sharedprocess] [info] Scanned user extensions: 8
[2018-05-27 16:21:03.778] [sharedprocess] [info] Scanned user extensions: 8
[2018-05-27 16:26:03.811] [sharedprocess] [info] Scanned user extensions: 8
[2018-05-27 16:31:03.841] [sharedprocess] [info] Scanned user extensions: 8
[2018-05-27 16:36:03.878] [sharedprocess] [info] Scanned user extensions: 8
[2018-05-27 16:41:03.912] [sharedprocess] [info] Scanned user extensions: 8
[2018-05-27 16:46:03.946] [sharedprocess] [info] Scanned user extensions: 8
[2018-05-27 16:51:04.057] [sharedprocess] [info] Scanned user extensions: 8
[2018-05-27 16:56:04.088] [sharedprocess] [info] Scanned user extensions: 8
[2018-05-27 17:01:04.127] [sharedprocess] [info] Scanned user extensions: 8
[2018-05-27 17:06:04.157] [sharedprocess] [info] Scanned user extensions: 8
[2018-05-27 17:11:04.194] [sharedprocess] [info] Scanned user extensions: 8
[2018-05-27 17:16:04.232] [sharedprocess] [info] Scanned user extensions: 8
[2018-05-27 17:21:04.265] [sharedprocess] [info] Scanned user extensions: 8
[2018-05-27 17:26:04.294] [sharedprocess] [info] Scanned user extensions: 8
[2018-05-27 17:31:04.323] [sharedprocess] [info] Scanned user extensions: 8
[2018-05-27 17:36:04.362] [sharedprocess] [info] Scanned user extensions: 8
[2018-05-27 17:41:04.403] [sharedprocess] [info] Scanned user extensions: 8
[2018-05-27 17:46:04.440] [sharedprocess] [info] Scanned user extensions: 8
[2018-05-27 17:51:04.551] [sharedprocess] [info] Scanned user extensions: 8
[2018-05-27 17:56:04.589] [sharedprocess] [info] Scanned user extensions: 8
[2018-05-27 18:01:04.615] [sharedprocess] [info] Scanned user extensions: 8
[2018-05-27 18:06:04.646] [sharedprocess] [info] Scanned user extensions: 8
[2018-05-27 18:11:04.673] [sharedprocess] [info] Scanned user extensions: 8
[2018-05-27 18:16:04.745] [sharedprocess] [info] Scanned user extensions: 8
[2018-05-27 18:21:04.777] [sharedprocess] [info] Scanned user extensions: 8
[2018-05-27 18:26:04.809] [sharedprocess] [info] Scanned user extensions: 8
[2018-05-27 18:31:04.836] [sharedprocess] [info] Scanned user extensions: 8
[2018-05-27 18:36:04.869] [sharedprocess] [info] Scanned user extensions: 8
[2018-05-27 18:41:04.898] [sharedprocess] [info] Scanned user extensions: 8
[2018-05-27 18:46:04.926] [sharedprocess] [info] Scanned user extensions: 8
[2018-05-27 18:51:05.033] [sharedprocess] [info] Scanned user extensions: 8
[2018-05-27 18:56:05.064] [sharedprocess] [info] Scanned user extensions: 8
[2018-05-27 19:01:05.095] [sharedprocess] [info] Scanned user extensions: 8
[2018-05-27 19:06:05.130] [sharedprocess] [info] Scanned user extensions: 8
[2018-05-27 19:11:05.166] [sharedprocess] [info] Scanned user extensions: 8
[2018-05-27 19:16:05.192] [sharedprocess] [info] Scanned user extensions: 8
[2018-05-27 19:21:05.222] [sharedprocess] [info] Scanned user extensions: 8
[2018-05-27 19:26:05.251] [sharedprocess] [info] Scanned user extensions: 8
[2018-05-27 19:31:05.279] [sharedprocess] [info] Scanned user extensions: 8
[2018-05-27 19:36:05.311] [sharedprocess] [info] Scanned user extensions: 8
[2018-05-27 19:41:05.342] [sharedprocess] [info] Scanned user extensions: 8
[2018-05-27 19:46:05.375] [sharedprocess] [info] Scanned user extensions: 8
[2018-05-27 19:51:05.501] [sharedprocess] [info] Scanned user extensions: 8
[2018-05-27 19:56:05.532] [sharedprocess] [info] Scanned user extensions: 8
[2018-05-27 20:01:05.564] [sharedprocess] [info] Scanned user extensions: 8
[2018-05-27 20:06:05.595] [sharedprocess] [info] Scanned user extensions: 8
[2018-05-27 20:11:05.628] [sharedprocess] [info] Scanned user extensions: 8
[2018-05-27 20:16:05.658] [sharedprocess] [info] Scanned user extensions: 8
[2018-05-27 20:21:05.691] [sharedprocess] [info] Scanned user extensions: 8
[2018-05-27 20:26:05.726] [sharedprocess] [info] Scanned user extensions: 8
[2018-05-27 20:31:05.760] [sharedprocess] [info] Scanned user extensions: 8
[2018-05-27 20:36:05.793] [sharedprocess] [info] Scanned user extensions: 8
[2018-05-27 20:41:05.837] [sharedprocess] [info] Scanned user extensions: 8
[2018-05-27 20:46:05.865] [sharedprocess] [info] Scanned user extensions: 8
[2018-05-27 20:51:05.969] [sharedprocess] [info] Scanned user extensions: 8
[2018-05-27 20:56:06.001] [sharedprocess] [info] Scanned user extensions: 8
[2018-05-27 21:01:06.030] [sharedprocess] [info] Scanned user extensions: 8
[2018-05-27 21:06:06.058] [sharedprocess] [info] Scanned user extensions: 8
[2018-05-27 21:11:06.084] [sharedprocess] [info] Scanned user extensions: 8
[2018-05-27 21:16:06.116] [sharedprocess] [info] Scanned user extensions: 8
[2018-05-27 21:21:06.142] [sharedprocess] [info] Scanned user extensions: 8
[2018-05-27 21:26:06.175] [sharedprocess] [info] Scanned user extensions: 8
[2018-05-27 21:31:06.201] [sharedprocess] [info] Scanned user extensions: 8
[2018-05-27 21:36:06.233] [sharedprocess] [info] Scanned user extensions: 8
[2018-05-27 21:41:06.261] [sharedprocess] [info] Scanned user extensions: 8
[2018-05-27 21:46:06.294] [sharedprocess] [info] Scanned user extensions: 8
[2018-05-27 21:51:06.409] [sharedprocess] [info] Scanned user extensions: 8
[2018-05-27 21:56:06.440] [sharedprocess] [info] Scanned user extensions: 8
[2018-05-27 22:01:06.474] [sharedprocess] [info] Scanned user extensions: 8
[2018-05-27 22:06:06.501] [sharedprocess] [info] Scanned user extensions: 8
[2018-05-27 22:11:06.529] [sharedprocess] [info] Scanned user extensions: 8
[2018-05-27 22:16:06.565] [sharedprocess] [info] Scanned user extensions: 8
[2018-05-27 22:21:06.592] [sharedprocess] [info] Scanned user extensions: 8
[2018-05-27 22:26:06.619] [sharedprocess] [info] Scanned user extensions: 8
[2018-05-27 22:31:06.651] [sharedprocess] [info] Scanned user extensions: 8
[2018-05-27 22:36:06.679] [sharedprocess] [info] Scanned user extensions: 8
[2018-05-27 22:41:06.707] [sharedprocess] [info] Scanned user extensions: 8
[2018-05-27 22:46:06.741] [sharedprocess] [info] Scanned user extensions: 8
[2018-05-27 22:51:06.849] [sharedprocess] [info] Scanned user extensions: 8
[2018-05-27 22:56:06.879] [sharedprocess] [info] Scanned user extensions: 8
[2018-05-27 23:01:06.904] [sharedprocess] [info] Scanned user extensions: 8
[2018-05-27 23:06:06.938] [sharedprocess] [info] Scanned user extensions: 8
[2018-05-27 23:11:06.963] [sharedprocess] [info] Scanned user extensions: 8
[2018-05-27 23:16:06.995] [sharedprocess] [info] Scanned user extensions: 8
[2018-05-27 23:21:07.032] [sharedprocess] [info] Scanned user extensions: 8
[2018-05-27 23:26:07.060] [sharedprocess] [info] Scanned user extensions: 8
[2018-05-27 23:31:07.087] [sharedprocess] [info] Scanned user extensions: 8
[2018-05-27 23:36:07.113] [sharedprocess] [info] Scanned user extensions: 8
[2018-05-27 23:41:07.147] [sharedprocess] [info] Scanned user extensions: 8
[2018-05-27 23:46:07.179] [sharedprocess] [info] Scanned user extensions: 8
[2018-05-27 23:51:07.282] [sharedprocess] [info] Scanned user extensions: 8
[2018-05-27 23:56:07.310] [sharedprocess] [info] Scanned user extensions: 8
[2018-05-28 00:01:07.344] [sharedprocess] [info] Scanned user extensions: 8
[2018-05-28 00:06:07.370] [sharedprocess] [info] Scanned user extensions: 8
[2018-05-28 00:11:07.404] [sharedprocess] [info] Scanned user extensions: 8
[2018-05-28 00:16:07.436] [sharedprocess] [info] Scanned user extensions: 8
[2018-05-28 00:21:07.468] [sharedprocess] [info] Scanned user extensions: 8
[2018-05-28 00:26:07.494] [sharedprocess] [info] Scanned user extensions: 8
[2018-05-28 00:31:07.519] [sharedprocess] [info] Scanned user extensions: 8
[2018-05-28 00:36:07.552] [sharedprocess] [info] Scanned user extensions: 8
[2018-05-28 00:41:07.582] [sharedprocess] [info] Scanned user extensions: 8
[2018-05-28 00:46:07.615] [sharedprocess] [info] Scanned user extensions: 8
[2018-05-28 00:51:07.725] [sharedprocess] [info] Scanned user extensions: 8
[2018-05-28 00:56:07.761] [sharedprocess] [info] Scanned user extensions: 8
[2018-05-28 01:01:07.797] [sharedprocess] [info] Scanned user extensions: 8
[2018-05-28 01:06:07.825] [sharedprocess] [info] Scanned user extensions: 8
[2018-05-28 01:11:07.862] [sharedprocess] [info] Scanned user extensions: 8
[2018-05-28 01:16:07.891] [sharedprocess] [info] Scanned user extensions: 8
[2018-05-28 01:21:07.926] [sharedprocess] [info] Scanned user extensions: 8
[2018-05-28 01:26:07.953] [sharedprocess] [info] Scanned user extensions: 8
[2018-05-28 01:31:07.982] [sharedprocess] [info] Scanned user extensions: 8
[2018-05-28 01:36:08.011] [sharedprocess] [info] Scanned user extensions: 8
[2018-05-28 01:41:08.043] [sharedprocess] [info] Scanned user extensions: 8
[2018-05-28 01:46:08.068] [sharedprocess] [info] Scanned user extensions: 8
[2018-05-28 01:51:04.381] [sharedprocess] [info] Installing extension: night-owl
[2018-05-28 01:51:04.391] [sharedprocess] [info] Scanned user extensions: 8
[2018-05-28 01:51:04.962] [sharedprocess] [info] Downloaded extension: night-owl
[2018-05-28 01:51:05.018] [sharedprocess] [info] Extracted extension to /Users/avanslaars/code_profiles/egghead/exts/.sdras.night-owl-0.3.1: sdras.night-owl-0.3.1
[2018-05-28 01:51:05.020] [sharedprocess] [info] Renamed to /Users/avanslaars/code_profiles/egghead/exts/sdras.night-owl-0.3.1
[2018-05-28 01:51:05.020] [sharedprocess] [info] Installation completed. sdras.night-owl-0.3.1
[2018-05-28 01:51:05.041] [sharedprocess] [info] Extensions installed successfully: sdras.night-owl
[2018-05-28 01:51:05.169] [sharedprocess] [info] Scanned user extensions: 8
[2018-05-28 01:51:05.217] [sharedprocess] [info] Scanned system extensions: 69
[2018-05-28 01:51:08.162] [sharedprocess] [info] Scanned user extensions: 8
[2018-05-28 01:56:08.197] [sharedprocess] [info] Scanned user extensions: 8
[2018-05-28 02:01:08.227] [sharedprocess] [info] Scanned user extensions: 8
[2018-05-28 02:06:08.256] [sharedprocess] [info] Scanned user extensions: 8
[2018-05-28 02:11:08.288] [sharedprocess] [info] Scanned user extensions: 8
[2018-05-28 02:16:08.319] [sharedprocess] [info] Scanned user extensions: 8
[2018-05-28 02:21:08.351] [sharedprocess] [info] Scanned user extensions: 8
[2018-05-28 02:26:08.376] [sharedprocess] [info] Scanned user extensions: 8
[2018-05-28 02:31:08.404] [sharedprocess] [info] Scanned user extensions: 8
[2018-05-28 02:36:08.436] [sharedprocess] [info] Scanned user extensions: 8
[2018-05-28 02:41:08.466] [sharedprocess] [info] Scanned user extensions: 8
[2018-05-28 02:46:08.495] [sharedprocess] [info] Scanned user extensions: 8
[2018-05-28 02:51:08.605] [sharedprocess] [info] Scanned user extensions: 8
[2018-05-28 02:56:08.635] [sharedprocess] [info] Scanned user extensions: 8
[2018-05-28 03:01:08.663] [sharedprocess] [info] Scanned user extensions: 8
[2018-05-28 03:06:08.695] [sharedprocess] [info] Scanned user extensions: 8
[2018-05-28 03:11:08.730] [sharedprocess] [info] Scanned user extensions: 8
[2018-05-28 03:16:08.758] [sharedprocess] [info] Scanned user extensions: 8
[2018-05-28 03:21:08.785] [sharedprocess] [info] Scanned user extensions: 8
[2018-05-28 03:26:08.819] [sharedprocess] [info] Scanned user extensions: 8
[2018-05-28 03:31:08.847] [sharedprocess] [info] Scanned user extensions: 8
[2018-05-28 03:36:08.880] [sharedprocess] [info] Scanned user extensions: 8
[2018-05-28 03:41:08.913] [sharedprocess] [info] Scanned user extensions: 8
[2018-05-28 03:46:08.943] [sharedprocess] [info] Scanned user extensions: 8
[2018-05-28 03:51:09.048] [sharedprocess] [info] Scanned user extensions: 8
[2018-05-28 03:56:09.081] [sharedprocess] [info] Scanned user extensions: 8
[2018-05-28 04:01:09.111] [sharedprocess] [info] Scanned user extensions: 8
[2018-05-28 04:06:09.140] [sharedprocess] [info] Scanned user extensions: 8
[2018-05-28 04:11:09.169] [sharedprocess] [info] Scanned user extensions: 8
[2018-05-28 04:16:09.196] [sharedprocess] [info] Scanned user extensions: 8
[2018-05-28 04:21:09.223] [sharedprocess] [info] Scanned user extensions: 8
[2018-05-28 04:26:09.250] [sharedprocess] [info] Scanned user extensions: 8
[2018-05-28 04:31:09.285] [sharedprocess] [info] Scanned user extensions: 8
[2018-05-28 04:36:09.320] [sharedprocess] [info] Scanned user extensions: 8
[2018-05-28 04:41:09.359] [sharedprocess] [info] Scanned user extensions: 8
[2018-05-28 04:46:09.386] [sharedprocess] [info] Scanned user extensions: 8
[2018-05-28 04:51:09.491] [sharedprocess] [info] Scanned user extensions: 8
[2018-05-28 04:56:09.521] [sharedprocess] [info] Scanned user extensions: 8
[2018-05-28 05:01:09.557] [sharedprocess] [info] Scanned user extensions: 8
[2018-05-28 05:06:09.586] [sharedprocess] [info] Scanned user extensions: 8
[2018-05-28 05:11:09.618] [sharedprocess] [info] Scanned user extensions: 8
[2018-05-28 05:16:09.658] [sharedprocess] [info] Scanned user extensions: 8
[2018-05-28 05:21:09.689] [sharedprocess] [info] Scanned user extensions: 8
[2018-05-28 05:26:09.715] [sharedprocess] [info] Scanned user extensions: 8
[2018-05-28 05:31:09.744] [sharedprocess] [info] Scanned user extensions: 8
[2018-05-28 05:36:09.780] [sharedprocess] [info] Scanned user extensions: 8
[2018-05-28 05:41:09.813] [sharedprocess] [info] Scanned user extensions: 8
[2018-05-28 05:46:09.848] [sharedprocess] [info] Scanned user extensions: 8
[2018-05-28 05:51:09.949] [sharedprocess] [info] Scanned user extensions: 8
[2018-05-28 05:56:09.980] [sharedprocess] [info] Scanned user extensions: 8
[2018-05-28 06:01:10.015] [sharedprocess] [info] Scanned user extensions: 8
[2018-05-28 06:06:10.048] [sharedprocess] [info] Scanned user extensions: 8
[2018-05-28 06:11:10.078] [sharedprocess] [info] Scanned user extensions: 8
[2018-05-28 06:16:10.114] [sharedprocess] [info] Scanned user extensions: 8
[2018-05-28 06:21:10.139] [sharedprocess] [info] Scanned user extensions: 8
[2018-05-28 06:26:10.170] [sharedprocess] [info] Scanned user extensions: 8
[2018-05-28 06:31:10.201] [sharedprocess] [info] Scanned user extensions: 8
[2018-05-28 06:36:10.233] [sharedprocess] [info] Scanned user extensions: 8
[2018-05-28 06:41:10.261] [sharedprocess] [info] Scanned user extensions: 8
[2018-05-28 06:46:10.291] [sharedprocess] [info] Scanned user extensions: 8
[2018-05-28 06:51:10.402] [sharedprocess] [info] Scanned user extensions: 8
[2018-05-28 06:56:10.437] [sharedprocess] [info] Scanned user extensions: 8
[2018-05-28 07:01:10.464] [sharedprocess] [info] Scanned user extensions: 8
[2018-05-28 07:06:10.493] [sharedprocess] [info] Scanned user extensions: 8
[2018-05-28 07:11:10.531] [sharedprocess] [info] Scanned user extensions: 8
[2018-05-28 07:16:10.561] [sharedprocess] [info] Scanned user extensions: 8
[2018-05-28 07:21:10.596] [sharedprocess] [info] Scanned user extensions: 8
[2018-05-28 07:26:10.624] [sharedprocess] [info] Scanned user extensions: 8
[2018-05-28 07:31:10.651] [sharedprocess] [info] Scanned user extensions: 8
[2018-05-28 07:36:10.686] [sharedprocess] [info] Scanned user extensions: 8
[2018-05-28 07:41:10.712] [sharedprocess] [info] Scanned user extensions: 8
[2018-05-28 07:46:10.741] [sharedprocess] [info] Scanned user extensions: 8
[2018-05-28 07:51:10.849] [sharedprocess] [info] Scanned user extensions: 8
[2018-05-28 07:56:10.881] [sharedprocess] [info] Scanned user extensions: 8
[2018-05-28 08:01:10.913] [sharedprocess] [info] Scanned user extensions: 8
[2018-05-28 08:06:10.941] [sharedprocess] [info] Scanned user extensions: 8
[2018-05-28 08:11:10.976] [sharedprocess] [info] Scanned user extensions: 8
[2018-05-28 08:16:11.009] [sharedprocess] [info] Scanned user extensions: 8
[2018-05-28 08:21:11.042] [sharedprocess] [info] Scanned user extensions: 8
[2018-05-28 08:26:11.070] [sharedprocess] [info] Scanned user extensions: 8
[2018-05-28 08:31:11.105] [sharedprocess] [info] Scanned user extensions: 8
[2018-05-28 08:36:11.134] [sharedprocess] [info] Scanned user extensions: 8
[2018-05-28 08:41:11.165] [sharedprocess] [info] Scanned user extensions: 8
[2018-05-28 08:46:11.195] [sharedprocess] [info] Scanned user extensions: 8
[2018-05-28 08:51:11.308] [sharedprocess] [info] Scanned user extensions: 8
[2018-05-28 08:56:11.341] [sharedprocess] [info] Scanned user extensions: 8
[2018-05-28 09:01:11.374] [sharedprocess] [info] Scanned user extensions: 8
[2018-05-28 09:06:11.401] [sharedprocess] [info] Scanned user extensions: 8
[2018-05-28 09:11:11.430] [sharedprocess] [info] Scanned user extensions: 8
[2018-05-28 09:16:11.462] [sharedprocess] [info] Scanned user extensions: 8
[2018-05-28 09:21:11.495] [sharedprocess] [info] Scanned user extensions: 8
[2018-05-28 09:26:11.521] [sharedprocess] [info] Scanned user extensions: 8
[2018-05-28 09:31:11.548] [sharedprocess] [info] Scanned user extensions: 8
[2018-05-28 09:34:03.860] [sharedprocess] [info] Scanned user extensions: 8
[2018-05-28 09:34:03.864] [sharedprocess] [info] Scanned user extensions: 8
[2018-05-28 09:34:03.870] [sharedprocess] [info] Scanned user extensions: 8
[2018-05-28 09:34:03.966] [sharedprocess] [info] Scanned system extensions: 69
[2018-05-28 09:34:03.979] [sharedprocess] [info] Scanned system extensions: 69
[2018-05-28 09:34:06.313] [sharedprocess] [info] Scanned user extensions: 8
[2018-05-28 09:39:06.404] [sharedprocess] [info] Scanned user extensions: 8
[2018-05-28 09:40:47.872] [sharedprocess] [info] Scanned user extensions: 8
[2018-05-28 09:40:47.874] [sharedprocess] [info] Scanned user extensions: 8
[2018-05-28 09:40:47.877] [sharedprocess] [info] Scanned user extensions: 8
[2018-05-28 09:40:47.976] [sharedprocess] [info] Scanned system extensions: 69
[2018-05-28 09:40:47.985] [sharedprocess] [info] Scanned system extensions: 69
[2018-05-28 09:44:06.433] [sharedprocess] [info] Scanned user extensions: 8
[2018-05-28 09:49:06.465] [sharedprocess] [info] Scanned user extensions: 8
[2018-05-28 09:54:06.574] [sharedprocess] [info] Scanned user extensions: 8
[2018-05-28 09:59:06.609] [sharedprocess] [info] Scanned user extensions: 8
[2018-05-28 10:04:06.649] [sharedprocess] [info] Scanned user extensions: 8
[2018-05-28 10:09:06.704] [sharedprocess] [info] Scanned user extensions: 8
[2018-05-28 10:14:06.747] [sharedprocess] [info] Scanned user extensions: 8
[2018-05-28 10:19:06.773] [sharedprocess] [info] Scanned user extensions: 8
[2018-05-28 10:24:06.807] [sharedprocess] [info] Scanned user extensions: 8
[2018-05-28 10:29:06.862] [sharedprocess] [info] Scanned user extensions: 8
[2018-05-28 10:34:06.937] [sharedprocess] [info] Scanned user extensions: 8
[2018-05-28 10:39:06.973] [sharedprocess] [info] Scanned user extensions: 8
[2018-05-28 10:44:07.018] [sharedprocess] [info] Scanned user extensions: 8
[2018-05-28 10:49:07.065] [sharedprocess] [info] Scanned user extensions: 8
[2018-05-28 10:54:07.191] [sharedprocess] [info] Scanned user extensions: 8
[2018-05-28 10:59:07.224] [sharedprocess] [info] Scanned user extensions: 8
[2018-05-28 11:04:07.296] [sharedprocess] [info] Scanned user extensions: 8
[2018-05-28 11:09:07.335] [sharedprocess] [info] Scanned user extensions: 8
[2018-05-28 11:14:07.367] [sharedprocess] [info] Scanned user extensions: 8
[2018-05-28 11:19:07.403] [sharedprocess] [info] Scanned user extensions: 8
[2018-05-28 11:24:07.437] [sharedprocess] [info] Scanned user extensions: 8
[2018-05-28 11:29:07.473] [sharedprocess] [info] Scanned user extensions: 8
[2018-05-28 11:34:07.504] [sharedprocess] [info] Scanned user extensions: 8
[2018-05-28 11:39:07.546] [sharedprocess] [info] Scanned user extensions: 8
[2018-05-28 11:44:07.583] [sharedprocess] [info] Scanned user extensions: 8
[2018-05-28 11:49:07.628] [sharedprocess] [info] Scanned user extensions: 8
[2018-05-28 11:54:07.783] [sharedprocess] [info] Scanned user extensions: 8
[2018-05-28 11:59:07.818] [sharedprocess] [info] Scanned user extensions: 8
[2018-05-28 12:04:07.857] [sharedprocess] [info] Scanned user extensions: 8
[2018-05-28 12:09:07.885] [sharedprocess] [info] Scanned user extensions: 8
[2018-05-28 12:14:07.926] [sharedprocess] [info] Scanned user extensions: 8
[2018-05-28 12:19:07.962] [sharedprocess] [info] Scanned user extensions: 8
[2018-05-28 12:24:07.996] [sharedprocess] [info] Scanned user extensions: 8
[2018-05-28 12:29:08.029] [sharedprocess] [info] Scanned user extensions: 8
[2018-05-28 12:34:08.063] [sharedprocess] [info] Scanned user extensions: 8
[2018-05-28 12:39:08.106] [sharedprocess] [info] Scanned user extensions: 8
[2018-05-28 12:44:08.153] [sharedprocess] [info] Scanned user extensions: 8
[2018-05-28 12:49:08.189] [sharedprocess] [info] Scanned user extensions: 8
[2018-05-28 12:54:08.296] [sharedprocess] [info] Scanned user extensions: 8
[2018-05-28 12:59:08.335] [sharedprocess] [info] Scanned user extensions: 8
[2018-05-28 13:04:08.372] [sharedprocess] [info] Scanned user extensions: 8
[2018-05-28 13:09:08.402] [sharedprocess] [info] Scanned user extensions: 8
[2018-05-28 13:14:08.442] [sharedprocess] [info] Scanned user extensions: 8
[2018-05-28 13:19:08.483] [sharedprocess] [info] Scanned user extensions: 8
[2018-05-28 13:24:08.517] [sharedprocess] [info] Scanned user extensions: 8
[2018-05-28 13:29:08.547] [sharedprocess] [info] Scanned user extensions: 8
[2018-05-28 13:34:08.577] [sharedprocess] [info] Scanned user extensions: 8
[2018-05-28 13:39:08.613] [sharedprocess] [info] Scanned user extensions: 8
[2018-05-28 13:44:08.653] [sharedprocess] [info] Scanned user extensions: 8
[2018-05-28 13:49:08.688] [sharedprocess] [info] Scanned user extensions: 8
[2018-05-28 13:54:08.807] [sharedprocess] [info] Scanned user extensions: 8
[2018-05-28 13:59:08.845] [sharedprocess] [info] Scanned user extensions: 8
[2018-05-28 14:04:08.883] [sharedprocess] [info] Scanned user extensions: 8
[2018-05-28 14:09:08.926] [sharedprocess] [info] Scanned user extensions: 8
[2018-05-28 14:14:08.977] [sharedprocess] [info] Scanned user extensions: 8
[2018-05-28 14:19:09.012] [sharedprocess] [info] Scanned user extensions: 8
[2018-05-28 14:24:09.052] [sharedprocess] [info] Scanned user extensions: 8
[2018-05-28 14:29:09.094] [sharedprocess] [info] Scanned user extensions: 8
[2018-05-28 14:34:09.130] [sharedprocess] [info] Scanned user extensions: 8
[2018-05-28 14:39:09.165] [sharedprocess] [info] Scanned user extensions: 8
[2018-05-28 14:44:09.210] [sharedprocess] [info] Scanned user extensions: 8
[2018-05-28 14:49:09.252] [sharedprocess] [info] Scanned user extensions: 8
[2018-05-28 14:54:09.369] [sharedprocess] [info] Scanned user extensions: 8
[2018-05-28 14:59:09.400] [sharedprocess] [info] Scanned user extensions: 8
[2018-05-28 15:04:09.438] [sharedprocess] [info] Scanned user extensions: 8
[2018-05-28 15:09:09.473] [sharedprocess] [info] Scanned user extensions: 8
