Looking for git in: /usr/local/bin/git
Using git 2.11.1 from /usr/local/bin/git
> git rev-parse --show-toplevel
> git config --get commit.template
Open repository: /Users/avanslaars/projects/egghead-cypress-course
> git status -z -u
> git symbolic-ref --short HEAD
> git rev-parse master
> git rev-parse --symbolic-full-name --abbrev-ref master@{u}
> git rev-list --left-right master...origin/master
> git for-each-ref --format %(refname) %(objectname) --sort -committerdate
> git remote --verbose
> git check-ignore -z --stdin
> git show :cypress/integration/list-items.spec.js
> git show :cypress/fixtures/todos.json
> git show :cypress/integration/list-items.spec.js
> git status -z -u
> git symbolic-ref --short HEAD
> git rev-parse master
> git rev-parse --symbolic-full-name --abbrev-ref master@{u}
> git rev-list --left-right master...origin/master
> git for-each-ref --format %(refname) %(objectname) --sort -committerdate
> git remote --verbose
> git status -z -u
> git symbolic-ref --short HEAD
> git rev-parse master
> git rev-parse --symbolic-full-name --abbrev-ref master@{u}
> git rev-list --left-right master...origin/master
> git for-each-ref --format %(refname) %(objectname) --sort -committerdate
> git remote --verbose
> git show :package.json
> git status -z -u
> git symbolic-ref --short HEAD
> git rev-parse master
> git rev-parse --symbolic-full-name --abbrev-ref master@{u}
> git rev-list --left-right master...origin/master
> git for-each-ref --format %(refname) %(objectname) --sort -committerdate
> git remote --verbose
> git show :cypress/integration/list-items.spec.js
> git status -z -u
> git symbolic-ref --short HEAD
> git rev-parse master
> git rev-parse --symbolic-full-name --abbrev-ref master@{u}
> git rev-list --left-right master...origin/master
> git for-each-ref --format %(refname) %(objectname) --sort -committerdate
> git remote --verbose
> git status -z -u
> git symbolic-ref --short HEAD
> git rev-parse master
> git rev-parse --symbolic-full-name --abbrev-ref master@{u}
> git rev-list --left-right master...origin/master
> git for-each-ref --format %(refname) %(objectname) --sort -committerdate
> git remote --verbose
> git status -z -u
> git symbolic-ref --short HEAD
> git rev-parse master
> git rev-parse --symbolic-full-name --abbrev-ref master@{u}
> git rev-list --left-right master...origin/master
> git for-each-ref --format %(refname) %(objectname) --sort -committerdate
> git remote --verbose
> git status -z -u
> git symbolic-ref --short HEAD
> git rev-parse master
> git rev-parse --symbolic-full-name --abbrev-ref master@{u}
> git rev-list --left-right master...origin/master
> git for-each-ref --format %(refname) %(objectname) --sort -committerdate
> git remote --verbose
> git status -z -u
> git symbolic-ref --short HEAD
> git rev-parse master
> git rev-parse --symbolic-full-name --abbrev-ref master@{u}
> git rev-list --left-right master...origin/master
> git for-each-ref --format %(refname) %(objectname) --sort -committerdate
> git remote --verbose
> git status -z -u
> git symbolic-ref --short HEAD
> git rev-parse master
> git rev-parse --symbolic-full-name --abbrev-ref master@{u}
> git rev-list --left-right master...origin/master
> git for-each-ref --format %(refname) %(objectname) --sort -committerdate
> git remote --verbose
> git status -z -u
> git symbolic-ref --short HEAD
> git rev-parse upgrade-cypress
> git rev-parse --symbolic-full-name --abbrev-ref upgrade-cypress@{u}
fatal: no upstream configured for branch 'upgrade-cypress'
> git for-each-ref --format %(refname) %(objectname) --sort -committerdate
> git remote --verbose
> git show :cypress/integration/list-items.spec.js
> git show :package.json
> git status -z -u
> git symbolic-ref --short HEAD
> git rev-parse upgrade-cypress
> git rev-parse --symbolic-full-name --abbrev-ref upgrade-cypress@{u}
fatal: no upstream configured for branch 'upgrade-cypress'
> git for-each-ref --format %(refname) %(objectname) --sort -committerdate
> git remote --verbose
> git status -z -u
> git symbolic-ref --short HEAD
> git rev-parse upgrade-cypress
> git rev-parse --symbolic-full-name --abbrev-ref upgrade-cypress@{u}
fatal: no upstream configured for branch 'upgrade-cypress'
> git for-each-ref --format %(refname) %(objectname) --sort -committerdate
> git remote --verbose
> git status -z -u
> git symbolic-ref --short HEAD
> git rev-parse upgrade-cypress
> git rev-parse --symbolic-full-name --abbrev-ref upgrade-cypress@{u}
fatal: no upstream configured for branch 'upgrade-cypress'
> git for-each-ref --format %(refname) %(objectname) --sort -committerdate
> git remote --verbose
> git status -z -u
> git symbolic-ref --short HEAD
> git rev-parse upgrade-cypress
> git rev-parse --symbolic-full-name --abbrev-ref upgrade-cypress@{u}
fatal: no upstream configured for branch 'upgrade-cypress'
> git for-each-ref --format %(refname) %(objectname) --sort -committerdate
> git remote --verbose
> git status -z -u
> git symbolic-ref --short HEAD
> git rev-parse upgrade-cypress
> git rev-parse --symbolic-full-name --abbrev-ref upgrade-cypress@{u}
fatal: no upstream configured for branch 'upgrade-cypress'
> git for-each-ref --format %(refname) %(objectname) --sort -committerdate
> git remote --verbose
> git status -z -u
> git symbolic-ref --short HEAD
> git rev-parse upgrade-cypress
> git rev-parse --symbolic-full-name --abbrev-ref upgrade-cypress@{u}
fatal: no upstream configured for branch 'upgrade-cypress'
> git for-each-ref --format %(refname) %(objectname) --sort -committerdate
> git remote --verbose
> git status -z -u
> git symbolic-ref --short HEAD
> git rev-parse upgrade-cypress
> git rev-parse --symbolic-full-name --abbrev-ref upgrade-cypress@{u}
fatal: no upstream configured for branch 'upgrade-cypress'
> git for-each-ref --format %(refname) %(objectname) --sort -committerdate
> git remote --verbose
> git status -z -u
> git symbolic-ref --short HEAD
> git rev-parse upgrade-cypress
> git rev-parse --symbolic-full-name --abbrev-ref upgrade-cypress@{u}
fatal: no upstream configured for branch 'upgrade-cypress'
> git for-each-ref --format %(refname) %(objectname) --sort -committerdate
> git remote --verbose
> git show :cypress/integration/list-items.spec.js
> git status -z -u
> git symbolic-ref --short HEAD
> git rev-parse upgrade-cypress
> git rev-parse --symbolic-full-name --abbrev-ref upgrade-cypress@{u}
fatal: no upstream configured for branch 'upgrade-cypress'
> git for-each-ref --format %(refname) %(objectname) --sort -committerdate
> git remote --verbose
> git status -z -u
> git symbolic-ref --short HEAD
> git rev-parse upgrade-cypress
> git rev-parse --symbolic-full-name --abbrev-ref upgrade-cypress@{u}
fatal: no upstream configured for branch 'upgrade-cypress'
> git for-each-ref --format %(refname) %(objectname) --sort -committerdate
> git remote --verbose
> git status -z -u
> git symbolic-ref --short HEAD
> git rev-parse upgrade-cypress
> git rev-parse --symbolic-full-name --abbrev-ref upgrade-cypress@{u}
fatal: no upstream configured for branch 'upgrade-cypress'
> git for-each-ref --format %(refname) %(objectname) --sort -committerdate
> git remote --verbose
> git check-ignore -z --stdin
> git check-ignore -z --stdin
> git check-ignore -z --stdin
> git show :src/components/TodoApp.js
> git status -z -u
> git symbolic-ref --short HEAD
> git rev-parse upgrade-cypress
> git rev-parse --symbolic-full-name --abbrev-ref upgrade-cypress@{u}
fatal: no upstream configured for branch 'upgrade-cypress'
> git for-each-ref --format %(refname) %(objectname) --sort -committerdate
> git remote --verbose
> git status -z -u
> git symbolic-ref --short HEAD
> git rev-parse upgrade-cypress
> git rev-parse --symbolic-full-name --abbrev-ref upgrade-cypress@{u}
fatal: no upstream configured for branch 'upgrade-cypress'
> git for-each-ref --format %(refname) %(objectname) --sort -committerdate
> git remote --verbose
> git show :cypress/fixtures/todos.json
> git show :src/components/TodoApp.js
> git show :cypress/integration/list-items.spec.js
> git status -z -u
> git symbolic-ref --short HEAD
> git rev-parse upgrade-cypress
> git rev-parse --symbolic-full-name --abbrev-ref upgrade-cypress@{u}
fatal: no upstream configured for branch 'upgrade-cypress'
> git for-each-ref --format %(refname) %(objectname) --sort -committerdate
> git remote --verbose
> git show :src/components/TodoApp.js
> git status -z -u
> git symbolic-ref --short HEAD
> git rev-parse upgrade-cypress
> git rev-parse --symbolic-full-name --abbrev-ref upgrade-cypress@{u}
fatal: no upstream configured for branch 'upgrade-cypress'
> git for-each-ref --format %(refname) %(objectname) --sort -committerdate
> git remote --verbose
> git status -z -u
> git symbolic-ref --short HEAD
> git rev-parse upgrade-cypress
> git rev-parse --symbolic-full-name --abbrev-ref upgrade-cypress@{u}
fatal: no upstream configured for branch 'upgrade-cypress'
> git for-each-ref --format %(refname) %(objectname) --sort -committerdate
> git remote --verbose
> git status -z -u
> git symbolic-ref --short HEAD
> git rev-parse upgrade-cypress
> git rev-parse --symbolic-full-name --abbrev-ref upgrade-cypress@{u}
fatal: no upstream configured for branch 'upgrade-cypress'
> git for-each-ref --format %(refname) %(objectname) --sort -committerdate
> git remote --verbose
> git show :src/components/TodoApp.js
> git status -z -u
> git symbolic-ref --short HEAD
> git rev-parse upgrade-cypress
> git rev-parse --symbolic-full-name --abbrev-ref upgrade-cypress@{u}
fatal: no upstream configured for branch 'upgrade-cypress'
> git for-each-ref --format %(refname) %(objectname) --sort -committerdate
> git remote --verbose
> git status -z -u
> git symbolic-ref --short HEAD
> git rev-parse upgrade-cypress
> git rev-parse --symbolic-full-name --abbrev-ref upgrade-cypress@{u}
fatal: no upstream configured for branch 'upgrade-cypress'
> git for-each-ref --format %(refname) %(objectname) --sort -committerdate
> git remote --verbose
> git status -z -u
> git symbolic-ref --short HEAD
> git rev-parse upgrade-cypress
> git rev-parse --symbolic-full-name --abbrev-ref upgrade-cypress@{u}
fatal: no upstream configured for branch 'upgrade-cypress'
> git for-each-ref --format %(refname) %(objectname) --sort -committerdate
> git remote --verbose
> git status -z -u
> git symbolic-ref --short HEAD
> git rev-parse upgrade-cypress
> git rev-parse --symbolic-full-name --abbrev-ref upgrade-cypress@{u}
fatal: no upstream configured for branch 'upgrade-cypress'
> git for-each-ref --format %(refname) %(objectname) --sort -committerdate
> git remote --verbose
> git status -z -u
> git symbolic-ref --short HEAD
> git rev-parse upgrade-cypress
> git rev-parse --symbolic-full-name --abbrev-ref upgrade-cypress@{u}
fatal: no upstream configured for branch 'upgrade-cypress'
> git for-each-ref --format %(refname) %(objectname) --sort -committerdate
> git remote --verbose
> git status -z -u
> git symbolic-ref --short HEAD
> git rev-parse upgrade-cypress
> git rev-parse --symbolic-full-name --abbrev-ref upgrade-cypress@{u}
fatal: no upstream configured for branch 'upgrade-cypress'
> git for-each-ref --format %(refname) %(objectname) --sort -committerdate
> git remote --verbose
> git status -z -u
> git symbolic-ref --short HEAD
> git rev-parse upgrade-cypress
> git rev-parse --symbolic-full-name --abbrev-ref upgrade-cypress@{u}
fatal: no upstream configured for branch 'upgrade-cypress'
> git for-each-ref --format %(refname) %(objectname) --sort -committerdate
> git remote --verbose
> git show :package.json
> git status -z -u
> git symbolic-ref --short HEAD
> git rev-parse upgrade-cypress
> git rev-parse --symbolic-full-name --abbrev-ref upgrade-cypress@{u}
fatal: no upstream configured for branch 'upgrade-cypress'
> git for-each-ref --format %(refname) %(objectname) --sort -committerdate
> git remote --verbose
> git show :src/components/TodoApp.js
> git show :src/components/TodoApp.js
> git status -z -u
> git symbolic-ref --short HEAD
> git rev-parse master
> git rev-parse --symbolic-full-name --abbrev-ref master@{u}
> git rev-list --left-right master...origin/master
> git for-each-ref --format %(refname) %(objectname) --sort -committerdate
> git remote --verbose
> git status -z -u
> git symbolic-ref --short HEAD
> git rev-parse master
> git rev-parse --symbolic-full-name --abbrev-ref master@{u}
> git rev-list --left-right master...origin/master
> git for-each-ref --format %(refname) %(objectname) --sort -committerdate
> git remote --verbose
> git show :cypress/integration/list-items.spec.js
> git show :cypress/integration/list-items.spec.js
> git status -z -u
> git symbolic-ref --short HEAD
> git rev-parse master
> git rev-parse --symbolic-full-name --abbrev-ref master@{u}
> git rev-list --left-right master...origin/master
> git for-each-ref --format %(refname) %(objectname) --sort -committerdate
> git remote --verbose
> git show :src/components/TodoApp.js
> git status -z -u
> git symbolic-ref --short HEAD
> git rev-parse master
> git rev-parse --symbolic-full-name --abbrev-ref master@{u}
> git rev-list --left-right master...origin/master
> git for-each-ref --format %(refname) %(objectname) --sort -committerdate
> git remote --verbose
> git show :cypress/integration/list-items.spec.js
> git status -z -u
> git symbolic-ref --short HEAD
> git rev-parse master
> git rev-parse --symbolic-full-name --abbrev-ref master@{u}
> git rev-list --left-right master...origin/master
> git for-each-ref --format %(refname) %(objectname) --sort -committerdate
> git remote --verbose
> git show :src/components/TodoApp.js
> git status -z -u
> git symbolic-ref --short HEAD
> git rev-parse master
> git rev-parse --symbolic-full-name --abbrev-ref master@{u}
> git rev-list --left-right master...origin/master
> git for-each-ref --format %(refname) %(objectname) --sort -committerdate
> git remote --verbose
> git status -z -u
> git symbolic-ref --short HEAD
> git rev-parse master
> git rev-parse --symbolic-full-name --abbrev-ref master@{u}
> git rev-list --left-right master...origin/master
> git for-each-ref --format %(refname) %(objectname) --sort -committerdate
> git remote --verbose
> git status -z -u
> git symbolic-ref --short HEAD
> git rev-parse master
> git rev-parse --symbolic-full-name --abbrev-ref master@{u}
> git rev-list --left-right master...origin/master
> git for-each-ref --format %(refname) %(objectname) --sort -committerdate
> git remote --verbose
> git status -z -u
> git symbolic-ref --short HEAD
> git rev-parse master
> git rev-parse --symbolic-full-name --abbrev-ref master@{u}
> git rev-list --left-right master...origin/master
> git for-each-ref --format %(refname) %(objectname) --sort -committerdate
> git remote --verbose
> git show :src/components/TodoApp.js
> git status -z -u
> git symbolic-ref --short HEAD
> git rev-parse master
> git rev-parse --symbolic-full-name --abbrev-ref master@{u}
> git rev-list --left-right master...origin/master
> git for-each-ref --format %(refname) %(objectname) --sort -committerdate
> git remote --verbose
> git status -z -u
> git symbolic-ref --short HEAD
> git rev-parse master
> git rev-parse --symbolic-full-name --abbrev-ref master@{u}
> git rev-list --left-right master...origin/master
> git for-each-ref --format %(refname) %(objectname) --sort -committerdate
> git remote --verbose
> git status -z -u
> git symbolic-ref --short HEAD
> git rev-parse master
> git rev-parse --symbolic-full-name --abbrev-ref master@{u}
> git rev-list --left-right master...origin/master
> git for-each-ref --format %(refname) %(objectname) --sort -committerdate
> git remote --verbose
> git status -z -u
> git symbolic-ref --short HEAD
> git rev-parse master
> git rev-parse --symbolic-full-name --abbrev-ref master@{u}
> git rev-list --left-right master...origin/master
> git for-each-ref --format %(refname) %(objectname) --sort -committerdate
> git remote --verbose
> git status -z -u
> git symbolic-ref --short HEAD
> git rev-parse master
> git rev-parse --symbolic-full-name --abbrev-ref master@{u}
> git rev-list --left-right master...origin/master
> git for-each-ref --format %(refname) %(objectname) --sort -committerdate
> git remote --verbose
> git status -z -u
> git symbolic-ref --short HEAD
> git rev-parse master
> git rev-parse --symbolic-full-name --abbrev-ref master@{u}
> git rev-list --left-right master...origin/master
> git for-each-ref --format %(refname) %(objectname) --sort -committerdate
> git remote --verbose
> git show :src/components/TodoApp.js
> git status -z -u
> git symbolic-ref --short HEAD
> git rev-parse master
> git rev-parse --symbolic-full-name --abbrev-ref master@{u}
> git rev-list --left-right master...origin/master
> git for-each-ref --format %(refname) %(objectname) --sort -committerdate
> git remote --verbose
> git show :server.js
> git status -z -u
> git symbolic-ref --short HEAD
> git rev-parse master
> git rev-parse --symbolic-full-name --abbrev-ref master@{u}
> git rev-list --left-right master...origin/master
> git for-each-ref --format %(refname) %(objectname) --sort -committerdate
> git remote --verbose
> git show :src/components/TodoApp.js
> git show :server.js
> git show :cypress/integration/list-items.spec.js
> git show :db.json
> git status -z -u
> git symbolic-ref --short HEAD
> git rev-parse master
> git rev-parse --symbolic-full-name --abbrev-ref master@{u}
> git rev-list --left-right master...origin/master
> git for-each-ref --format %(refname) %(objectname) --sort -committerdate
> git remote --verbose
> git status -z -u
> git symbolic-ref --short HEAD
> git rev-parse master
> git rev-parse --symbolic-full-name --abbrev-ref master@{u}
> git rev-list --left-right master...origin/master
> git for-each-ref --format %(refname) %(objectname) --sort -committerdate
> git remote --verbose
> git show :cypress/integration/smoke-tests.js
> git check-ignore -z --stdin
> git status -z -u
> git symbolic-ref --short HEAD
> git rev-parse master
> git rev-parse --symbolic-full-name --abbrev-ref master@{u}
> git rev-list --left-right master...origin/master
> git for-each-ref --format %(refname) %(objectname) --sort -committerdate
> git remote --verbose
> git show :cypress/integration/form-input.spec.js
> git show :cypress/integration/smoke-tests.js
> git status -z -u
> git symbolic-ref --short HEAD
> git rev-parse master
> git rev-parse --symbolic-full-name --abbrev-ref master@{u}
> git rev-list --left-right master...origin/master
> git for-each-ref --format %(refname) %(objectname) --sort -committerdate
> git remote --verbose
> git status -z -u
> git symbolic-ref --short HEAD
> git rev-parse master
> git rev-parse --symbolic-full-name --abbrev-ref master@{u}
> git rev-list --left-right master...origin/master
> git for-each-ref --format %(refname) %(objectname) --sort -committerdate
> git remote --verbose
> git status -z -u
> git symbolic-ref --short HEAD
> git rev-parse master
> git rev-parse --symbolic-full-name --abbrev-ref master@{u}
> git rev-list --left-right master...origin/master
> git for-each-ref --format %(refname) %(objectname) --sort -committerdate
> git remote --verbose
> git status -z -u
> git symbolic-ref --short HEAD
> git rev-parse master
> git rev-parse --symbolic-full-name --abbrev-ref master@{u}
> git rev-list --left-right master...origin/master
> git for-each-ref --format %(refname) %(objectname) --sort -committerdate
> git remote --verbose
> git show :db.json
> git show :cypress/integration/smoke-tests.js
> git status -z -u
> git symbolic-ref --short HEAD
> git rev-parse master
> git rev-parse --symbolic-full-name --abbrev-ref master@{u}
> git rev-list --left-right master...origin/master
> git for-each-ref --format %(refname) %(objectname) --sort -committerdate
> git remote --verbose
> git status -z -u
> git symbolic-ref --short HEAD
> git rev-parse master
> git rev-parse --symbolic-full-name --abbrev-ref master@{u}
> git rev-list --left-right master...origin/master
> git for-each-ref --format %(refname) %(objectname) --sort -committerdate
> git remote --verbose
> git status -z -u
> git symbolic-ref --short HEAD
> git rev-parse master
> git rev-parse --symbolic-full-name --abbrev-ref master@{u}
> git rev-list --left-right master...origin/master
> git for-each-ref --format %(refname) %(objectname) --sort -committerdate
> git remote --verbose
> git status -z -u
> git symbolic-ref --short HEAD
> git rev-parse master
> git rev-parse --symbolic-full-name --abbrev-ref master@{u}
> git rev-list --left-right master...origin/master
> git for-each-ref --format %(refname) %(objectname) --sort -committerdate
> git remote --verbose
> git status -z -u
> git symbolic-ref --short HEAD
> git rev-parse master
> git rev-parse --symbolic-full-name --abbrev-ref master@{u}
> git rev-list --left-right master...origin/master
> git for-each-ref --format %(refname) %(objectname) --sort -committerdate
> git remote --verbose
> git status -z -u
> git symbolic-ref --short HEAD
> git rev-parse master
> git rev-parse --symbolic-full-name --abbrev-ref master@{u}
> git rev-list --left-right master...origin/master
> git for-each-ref --format %(refname) %(objectname) --sort -committerdate
> git remote --verbose
> git show :server.js
> git show :cypress/integration/smoke-tests.js
> git status -z -u
> git symbolic-ref --short HEAD
> git rev-parse master
> git rev-parse --symbolic-full-name --abbrev-ref master@{u}
> git rev-list --left-right master...origin/master
> git for-each-ref --format %(refname) %(objectname) --sort -committerdate
> git remote --verbose
> git show :db.json
> git show :server.js
> git show :cypress/integration/smoke-tests.js
> git status -z -u
> git symbolic-ref --short HEAD
> git rev-parse master
> git rev-parse --symbolic-full-name --abbrev-ref master@{u}
> git rev-list --left-right master...origin/master
> git for-each-ref --format %(refname) %(objectname) --sort -committerdate
> git remote --verbose
> git status -z -u
> git symbolic-ref --short HEAD
> git rev-parse master
> git rev-parse --symbolic-full-name --abbrev-ref master@{u}
> git rev-list --left-right master...origin/master
> git for-each-ref --format %(refname) %(objectname) --sort -committerdate
> git remote --verbose
> git status -z -u
> git symbolic-ref --short HEAD
> git rev-parse master
> git rev-parse --symbolic-full-name --abbrev-ref master@{u}
> git rev-list --left-right master...origin/master
> git for-each-ref --format %(refname) %(objectname) --sort -committerdate
> git remote --verbose
> git status -z -u
> git symbolic-ref --short HEAD
> git rev-parse master
> git rev-parse --symbolic-full-name --abbrev-ref master@{u}
> git rev-list --left-right master...origin/master
> git for-each-ref --format %(refname) %(objectname) --sort -committerdate
> git remote --verbose
> git status -z -u
> git symbolic-ref --short HEAD
> git rev-parse master
> git rev-parse --symbolic-full-name --abbrev-ref master@{u}
> git rev-list --left-right master...origin/master
> git for-each-ref --format %(refname) %(objectname) --sort -committerdate
> git remote --verbose
> git status -z -u
> git symbolic-ref --short HEAD
> git rev-parse master
> git rev-parse --symbolic-full-name --abbrev-ref master@{u}
> git rev-list --left-right master...origin/master
> git for-each-ref --format %(refname) %(objectname) --sort -committerdate
> git remote --verbose
> git show :server.js
> git status -z -u
> git symbolic-ref --short HEAD
> git rev-parse master
> git rev-parse --symbolic-full-name --abbrev-ref master@{u}
> git rev-list --left-right master...origin/master
> git for-each-ref --format %(refname) %(objectname) --sort -committerdate
> git remote --verbose
> git show :db.json
> git show :server.js
> git show :db.json
> git show :server.js
> git show :db.json
> git status -z -u
> git symbolic-ref --short HEAD
> git rev-parse master
> git rev-parse --symbolic-full-name --abbrev-ref master@{u}
> git rev-list --left-right master...origin/master
> git for-each-ref --format %(refname) %(objectname) --sort -committerdate
> git remote --verbose
> git show :server.js
> git show :cypress/integration/smoke-test.spec.js
> git check-ignore -z --stdin
> git status -z -u
> git symbolic-ref --short HEAD
> git rev-parse master
> git rev-parse --symbolic-full-name --abbrev-ref master@{u}
> git rev-list --left-right master...origin/master
> git for-each-ref --format %(refname) %(objectname) --sort -committerdate
> git remote --verbose
> git status -z -u
> git symbolic-ref --short HEAD
> git rev-parse master
> git rev-parse --symbolic-full-name --abbrev-ref master@{u}
> git rev-list --left-right master...origin/master
> git for-each-ref --format %(refname) %(objectname) --sort -committerdate
> git remote --verbose
> git status -z -u
> git symbolic-ref --short HEAD
> git rev-parse master
> git rev-parse --symbolic-full-name --abbrev-ref master@{u}
> git rev-list --left-right master...origin/master
> git for-each-ref --format %(refname) %(objectname) --sort -committerdate
> git remote --verbose
> git show :db.json
> git status -z -u
> git symbolic-ref --short HEAD
> git rev-parse master
> git rev-parse --symbolic-full-name --abbrev-ref master@{u}
> git rev-list --left-right master...origin/master
> git for-each-ref --format %(refname) %(objectname) --sort -committerdate
> git remote --verbose
> git show :cypress/integration/smoke-test.spec.js
> git show :server.js
> git show :cypress/integration/smoke-test.spec.js
> git status -z -u
> git symbolic-ref --short HEAD
> git rev-parse master
> git rev-parse --symbolic-full-name --abbrev-ref master@{u}
> git rev-list --left-right master...origin/master
> git for-each-ref --format %(refname) %(objectname) --sort -committerdate
> git remote --verbose
> git status -z -u
> git symbolic-ref --short HEAD
> git rev-parse master
> git rev-parse --symbolic-full-name --abbrev-ref master@{u}
> git rev-list --left-right master...origin/master
> git for-each-ref --format %(refname) %(objectname) --sort -committerdate
> git remote --verbose
> git status -z -u
> git symbolic-ref --short HEAD
> git rev-parse master
> git rev-parse --symbolic-full-name --abbrev-ref master@{u}
> git rev-list --left-right master...origin/master
> git for-each-ref --format %(refname) %(objectname) --sort -committerdate
> git remote --verbose
> git status -z -u
> git symbolic-ref --short HEAD
> git rev-parse master
> git rev-parse --symbolic-full-name --abbrev-ref master@{u}
> git rev-list --left-right master...origin/master
> git for-each-ref --format %(refname) %(objectname) --sort -committerdate
> git remote --verbose
> git status -z -u
> git symbolic-ref --short HEAD
> git rev-parse master
> git rev-parse --symbolic-full-name --abbrev-ref master@{u}
> git rev-list --left-right master...origin/master
> git for-each-ref --format %(refname) %(objectname) --sort -committerdate
> git remote --verbose
> git status -z -u
> git symbolic-ref --short HEAD
> git rev-parse master
> git rev-parse --symbolic-full-name --abbrev-ref master@{u}
> git rev-list --left-right master...origin/master
> git for-each-ref --format %(refname) %(objectname) --sort -committerdate
> git remote --verbose
> git status -z -u
> git symbolic-ref --short HEAD
> git rev-parse master
> git rev-parse --symbolic-full-name --abbrev-ref master@{u}
> git rev-list --left-right master...origin/master
> git for-each-ref --format %(refname) %(objectname) --sort -committerdate
> git remote --verbose
> git show :server.js
> git show :cypress/integration/smoke-test.spec.js
> git status -z -u
> git symbolic-ref --short HEAD
> git rev-parse master
> git rev-parse --symbolic-full-name --abbrev-ref master@{u}
> git rev-list --left-right master...origin/master
> git for-each-ref --format %(refname) %(objectname) --sort -committerdate
> git remote --verbose
> git show :server.js
> git status -z -u
> git symbolic-ref --short HEAD
> git rev-parse master
> git rev-parse --symbolic-full-name --abbrev-ref master@{u}
> git rev-list --left-right master...origin/master
> git for-each-ref --format %(refname) %(objectname) --sort -committerdate
> git remote --verbose
> git show :db.json
> git status -z -u
> git symbolic-ref --short HEAD
> git rev-parse master
> git rev-parse --symbolic-full-name --abbrev-ref master@{u}
> git rev-list --left-right master...origin/master
> git for-each-ref --format %(refname) %(objectname) --sort -committerdate
> git remote --verbose
> git status -z -u
> git symbolic-ref --short HEAD
> git rev-parse master
> git rev-parse --symbolic-full-name --abbrev-ref master@{u}
> git rev-list --left-right master...origin/master
> git for-each-ref --format %(refname) %(objectname) --sort -committerdate
> git remote --verbose
> git status -z -u
> git symbolic-ref --short HEAD
> git rev-parse 16_smoke_test
> git rev-parse --symbolic-full-name --abbrev-ref 16_smoke_test@{u}
fatal: no upstream configured for branch '16_smoke_test'
> git for-each-ref --format %(refname) %(objectname) --sort -committerdate
> git remote --verbose
> git status -z -u
> git symbolic-ref --short HEAD
> git rev-parse 16_smoke_test
> git rev-parse --symbolic-full-name --abbrev-ref 16_smoke_test@{u}
> git rev-list --left-right 16_smoke_test...origin/16_smoke_test
> git for-each-ref --format %(refname) %(objectname) --sort -committerdate
> git remote --verbose
> git status -z -u
> git symbolic-ref --short HEAD
> git rev-parse master
> git rev-parse --symbolic-full-name --abbrev-ref master@{u}
> git rev-list --left-right master...origin/master
> git for-each-ref --format %(refname) %(objectname) --sort -committerdate
> git remote --verbose
> git status -z -u
> git symbolic-ref --short HEAD
> git rev-parse master
> git rev-parse --symbolic-full-name --abbrev-ref master@{u}
> git rev-list --left-right master...origin/master
> git for-each-ref --format %(refname) %(objectname) --sort -committerdate
> git remote --verbose
> git show :package.json
> git show :cypress/integration/app-init.spec.js
> git show :cypress/integration/first.spec.js
> git show :cypress/integration/footer.spec.js
> git show :cypress/integration/form-input.spec.js
> git show :cypress/integration/form-submission.spec.js
> git show :cypress/integration/list-items.spec.js
> git status -z -u
> git symbolic-ref --short HEAD
> git rev-parse master
> git rev-parse --symbolic-full-name --abbrev-ref master@{u}
> git rev-list --left-right master...origin/master
> git for-each-ref --format %(refname) %(objectname) --sort -committerdate
> git remote --verbose
> git show :cypress/integration/smoke-test.spec.js
> git show :cypress/integration/list-items.spec.js
> git show :cypress/integration/form-submission.spec.js
> git show :cypress/integration/form-input.spec.js
> git show :cypress/integration/footer.spec.js
> git show :cypress/integration/first.spec.js
> git show :cypress/integration/first.spec.js
> git show :cypress/integration/app-init.spec.js
> git show :package.json
> git status -z -u
> git symbolic-ref --short HEAD
> git rev-parse master
> git rev-parse --symbolic-full-name --abbrev-ref master@{u}
> git rev-list --left-right master...origin/master
> git for-each-ref --format %(refname) %(objectname) --sort -committerdate
> git remote --verbose
> git show :package.json
> git status -z -u
> git symbolic-ref --short HEAD
> git rev-parse master
> git rev-parse --symbolic-full-name --abbrev-ref master@{u}
> git rev-list --left-right master...origin/master
> git for-each-ref --format %(refname) %(objectname) --sort -committerdate
> git remote --verbose
