[2017-12-30 12:05:03.478] [exthost1] [info] extension host started
[2017-12-30 12:05:03.493] [exthost1] [info] ExtensionService#_doActivateExtension vscode.emmet {"startup":true,"activationEvent":"*"}
[2017-12-30 12:05:03.493] [exthost1] [info] ExtensionService#loadCommonJSModule /Applications/Visual Studio Code.app/Contents/Resources/app/extensions/emmet/out/extension
[2017-12-30 12:05:03.572] [exthost1] [info] ExtensionService#_doActivateExtension vscode.git {"startup":true,"activationEvent":"*"}
[2017-12-30 12:05:03.572] [exthost1] [info] ExtensionService#loadCommonJSModule /Applications/Visual Studio Code.app/Contents/Resources/app/extensions/git/out/main
[2017-12-30 12:05:03.659] [exthost1] [info] ExtensionService#_doActivateExtension vscode.merge-conflict {"startup":true,"activationEvent":"*"}
[2017-12-30 12:05:03.659] [exthost1] [info] ExtensionService#loadCommonJSModule /Applications/Visual Studio Code.app/Contents/Resources/app/extensions/merge-conflict/out/extension
[2017-12-30 12:05:03.680] [exthost1] [info] ExtensionService#_doActivateExtension WallabyJs.quokka-vscode {"startup":true,"activationEvent":"*"}
[2017-12-30 12:05:03.680] [exthost1] [info] ExtensionService#loadCommonJSModule /Users/avanslaars/code_profiles/egghead/exts/WallabyJs.quokka-vscode-1.0.85/index
[2017-12-30 12:05:03.682] [exthost1] [info] ExtensionService#_doActivateExtension WallabyJs.wallaby-vscode {"startup":true,"activationEvent":"*"}
[2017-12-30 12:05:03.682] [exthost1] [info] ExtensionService#loadCommonJSModule /Users/avanslaars/code_profiles/egghead/exts/WallabyJs.wallaby-vscode-1.0.68/index
[2017-12-30 12:05:03.684] [exthost1] [info] ExtensionService#_doActivateExtension alefragnani.Bookmarks {"startup":true,"activationEvent":"*"}
[2017-12-30 12:05:03.684] [exthost1] [info] ExtensionService#loadCommonJSModule /Users/avanslaars/code_profiles/egghead/exts/alefragnani.bookmarks-0.18.0/out/src/extension
[2017-12-30 12:05:03.700] [exthost1] [info] ExtensionService#_doActivateExtension esbenp.prettier-vscode {"startup":true,"activationEvent":"*"}
[2017-12-30 12:05:03.700] [exthost1] [info] ExtensionService#loadCommonJSModule /Users/avanslaars/code_profiles/egghead/exts/esbenp.prettier-vscode-1.0.1/out/src/extension
[2017-12-30 12:05:03.868] [exthost1] [info] ExtensionService#_doActivateExtension ms-vscode.atom-keybindings {"startup":true,"activationEvent":"*"}
[2017-12-30 12:05:03.868] [exthost1] [info] ExtensionService#loadCommonJSModule /Users/avanslaars/code_profiles/egghead/exts/ms-vscode.atom-keybindings-3.0.4/extension
[2017-12-30 12:05:03.874] [exthost1] [info] eager extensions activated
[2017-12-30 12:05:03.942] [exthost1] [info] ExtensionService#_doActivateExtension vscode.javascript {"startup":false,"activationEvent":"onLanguage:javascript"}
[2017-12-30 12:05:03.942] [exthost1] [info] ExtensionService#loadCommonJSModule /Applications/Visual Studio Code.app/Contents/Resources/app/extensions/javascript/out/javascriptMain
[2017-12-30 12:05:03.981] [exthost1] [info] ExtensionService#_doActivateExtension vscode.typescript {"startup":false,"activationEvent":"onLanguage:javascript"}
[2017-12-30 12:05:03.981] [exthost1] [info] ExtensionService#loadCommonJSModule /Applications/Visual Studio Code.app/Contents/Resources/app/extensions/typescript/out/extension
[2017-12-30 12:05:33.922] [exthost1] [info] ExtensionService#_doActivateExtension vscode.configuration-editing {"startup":false,"activationEvent":"onLanguage:json"}
[2017-12-30 12:05:33.922] [exthost1] [info] ExtensionService#loadCommonJSModule /Applications/Visual Studio Code.app/Contents/Resources/app/extensions/configuration-editing/out/extension
[2017-12-30 12:05:33.937] [exthost1] [info] ExtensionService#_doActivateExtension vscode.extension-editing {"startup":false,"activationEvent":"onLanguage:json"}
[2017-12-30 12:05:33.937] [exthost1] [info] ExtensionService#loadCommonJSModule /Applications/Visual Studio Code.app/Contents/Resources/app/extensions/extension-editing/out/extension
[2017-12-30 12:05:33.953] [exthost1] [info] ExtensionService#_doActivateExtension vscode.json {"startup":false,"activationEvent":"onLanguage:json"}
[2017-12-30 12:05:33.953] [exthost1] [info] ExtensionService#loadCommonJSModule /Applications/Visual Studio Code.app/Contents/Resources/app/extensions/json/client/out/jsonMain
[2017-12-30 15:41:40.885] [exthost1] [info] ExtensionService#_doActivateExtension markvincze.code-fragments {"startup":false,"activationEvent":"onView:codeFragments"}
[2017-12-30 15:41:40.886] [exthost1] [info] ExtensionService#loadCommonJSModule /Users/avanslaars/code_profiles/egghead/exts/markvincze.code-fragments-1.1.0/out/src/extension
[2017-12-31 12:52:19.149] [exthost1] [info] ExtensionService#_doActivateExtension vscode.html {"startup":false,"activationEvent":"onLanguage:html"}
[2017-12-31 12:52:19.149] [exthost1] [info] ExtensionService#loadCommonJSModule /Applications/Visual Studio Code.app/Contents/Resources/app/extensions/html/client/out/htmlMain
