[2018-03-17 12:46:50.744] [sharedprocess] [info] main {"machineId":"95ee68271e790d2347442ebf0570f4b0c6bf9bb7a23da3e6afd9a9886694bcdd"}
[2018-03-17 12:46:50.862] [sharedprocess] [info] Scanned user extensions: 6
[2018-03-17 12:46:50.913] [sharedprocess] [info] Scanned system extensions: 65
[2018-03-17 12:46:53.289] [sharedprocess] [info] Scanned user extensions: 6
[2018-03-17 12:46:53.291] [sharedprocess] [info] Scanned user extensions: 6
[2018-03-17 12:46:53.336] [sharedprocess] [info] Scanned system extensions: 65
[2018-03-17 12:46:55.527] [sharedprocess] [info] Scanned user extensions: 6
[2018-03-17 12:46:55.985] [sharedprocess] [info] Installing extension: quokka-vscode
[2018-03-17 12:46:55.988] [sharedprocess] [info] Installing extension: wallaby-vscode
[2018-03-17 12:46:55.990] [sharedprocess] [info] Installing extension: Bookmarks
[2018-03-17 12:46:55.993] [sharedprocess] [info] Installing extension: prettier-vscode
[2018-03-17 12:46:59.687] [sharedprocess] [info] Downloaded extension: wallaby-vscode
[2018-03-17 12:47:00.208] [sharedprocess] [info] Downloaded extension: Bookmarks
[2018-03-17 12:47:00.732] [sharedprocess] [info] Extracted extension to /Users/avanslaars/code_profiles/egghead/exts/alefragnani.bookmarks-0.18.2: alefragnani.bookmarks-0.18.2
[2018-03-17 12:47:00.771] [sharedprocess] [info] Updated metadata of the extension: alefragnani.bookmarks-0.18.2
[2018-03-17 12:47:00.772] [sharedprocess] [info] Extensions installed successfully: alefragnani.bookmarks
[2018-03-17 12:47:00.915] [sharedprocess] [info] Scanned user extensions: 6
[2018-03-17 12:47:01.093] [sharedprocess] [info] Scanned system extensions: 65
[2018-03-17 12:47:01.155] [sharedprocess] [info] Downloaded extension: quokka-vscode
[2018-03-17 12:47:02.818] [sharedprocess] [info] Extracted extension to /Users/avanslaars/code_profiles/egghead/exts/WallabyJs.wallaby-vscode-1.0.78: WallabyJs.wallaby-vscode-1.0.78
[2018-03-17 12:47:02.850] [sharedprocess] [info] Updated metadata of the extension: WallabyJs.wallaby-vscode-1.0.78
[2018-03-17 12:47:02.850] [sharedprocess] [info] Extensions installed successfully: WallabyJs.wallaby-vscode
[2018-03-17 12:47:02.973] [sharedprocess] [info] Scanned user extensions: 6
[2018-03-17 12:47:03.009] [sharedprocess] [info] Scanned system extensions: 65
[2018-03-17 12:47:04.649] [sharedprocess] [info] Extracted extension to /Users/avanslaars/code_profiles/egghead/exts/WallabyJs.quokka-vscode-1.0.113: WallabyJs.quokka-vscode-1.0.113
[2018-03-17 12:47:04.680] [sharedprocess] [info] Updated metadata of the extension: WallabyJs.quokka-vscode-1.0.113
[2018-03-17 12:47:04.681] [sharedprocess] [info] Extensions installed successfully: WallabyJs.quokka-vscode
[2018-03-17 12:47:04.805] [sharedprocess] [info] Scanned user extensions: 6
[2018-03-17 12:47:04.847] [sharedprocess] [info] Scanned system extensions: 65
[2018-03-17 12:47:05.191] [sharedprocess] [info] Downloaded extension: prettier-vscode
[2018-03-17 12:47:18.908] [sharedprocess] [info] Extracted extension to /Users/avanslaars/code_profiles/egghead/exts/esbenp.prettier-vscode-1.2.2: esbenp.prettier-vscode-1.2.2
[2018-03-17 12:47:18.973] [sharedprocess] [info] Updated metadata of the extension: esbenp.prettier-vscode-1.2.2
[2018-03-17 12:47:18.974] [sharedprocess] [info] Extensions installed successfully: esbenp.prettier-vscode
[2018-03-17 12:47:19.097] [sharedprocess] [info] Scanned user extensions: 6
[2018-03-17 12:47:19.120] [sharedprocess] [info] Scanned system extensions: 65
[2018-03-17 12:47:30.759] [sharedprocess] [info] Starting to clean up unused language packs.
[2018-03-17 12:51:55.716] [sharedprocess] [info] Scanned user extensions: 6
[2018-03-17 12:56:56.280] [sharedprocess] [info] Scanned user extensions: 6
[2018-03-17 13:01:56.658] [sharedprocess] [info] Scanned user extensions: 6
[2018-03-17 13:06:57.311] [sharedprocess] [info] Scanned user extensions: 6
[2018-03-17 13:11:57.441] [sharedprocess] [info] Scanned user extensions: 6
[2018-03-17 13:16:57.917] [sharedprocess] [info] Scanned user extensions: 6
[2018-03-17 13:21:58.154] [sharedprocess] [info] Scanned user extensions: 6
[2018-03-17 13:26:58.193] [sharedprocess] [info] Scanned user extensions: 6
[2018-03-17 13:31:58.225] [sharedprocess] [info] Scanned user extensions: 6
[2018-03-17 13:36:58.258] [sharedprocess] [info] Scanned user extensions: 6
[2018-03-17 13:41:58.297] [sharedprocess] [info] Scanned user extensions: 6
[2018-03-17 13:46:58.455] [sharedprocess] [info] Scanned user extensions: 6
[2018-03-17 13:51:58.479] [sharedprocess] [info] Scanned user extensions: 6
[2018-03-17 13:56:58.502] [sharedprocess] [info] Scanned user extensions: 6
[2018-03-17 14:01:58.524] [sharedprocess] [info] Scanned user extensions: 6
[2018-03-17 14:06:58.550] [sharedprocess] [info] Scanned user extensions: 6
[2018-03-17 14:11:58.576] [sharedprocess] [info] Scanned user extensions: 6
[2018-03-17 14:22:38.994] [sharedprocess] [info] Scanned user extensions: 6
[2018-03-17 14:27:39.020] [sharedprocess] [info] Scanned user extensions: 6
[2018-03-17 14:32:39.062] [sharedprocess] [info] Scanned user extensions: 6
[2018-03-17 14:37:39.092] [sharedprocess] [info] Scanned user extensions: 6
[2018-03-17 14:42:39.153] [sharedprocess] [info] Scanned user extensions: 6
[2018-03-17 14:47:39.360] [sharedprocess] [info] Scanned user extensions: 6
[2018-03-17 14:52:39.469] [sharedprocess] [info] Scanned user extensions: 6
[2018-03-17 14:57:39.534] [sharedprocess] [info] Scanned user extensions: 6
[2018-03-17 15:02:39.614] [sharedprocess] [info] Scanned user extensions: 6
[2018-03-17 15:07:39.689] [sharedprocess] [info] Scanned user extensions: 6
[2018-03-17 15:12:39.723] [sharedprocess] [info] Scanned user extensions: 6
[2018-03-17 15:17:39.774] [sharedprocess] [info] Scanned user extensions: 6
[2018-03-17 15:22:39.803] [sharedprocess] [info] Scanned user extensions: 6
[2018-03-17 15:27:39.834] [sharedprocess] [info] Scanned user extensions: 6
[2018-03-17 15:32:39.868] [sharedprocess] [info] Scanned user extensions: 6
[2018-03-17 15:37:39.917] [sharedprocess] [info] Scanned user extensions: 6
[2018-03-17 15:42:39.954] [sharedprocess] [info] Scanned user extensions: 6
[2018-03-17 15:47:40.116] [sharedprocess] [info] Scanned user extensions: 6
[2018-03-17 15:52:40.158] [sharedprocess] [info] Scanned user extensions: 6
[2018-03-17 15:57:40.193] [sharedprocess] [info] Scanned user extensions: 6
[2018-03-17 16:02:40.226] [sharedprocess] [info] Scanned user extensions: 6
[2018-03-17 16:07:40.259] [sharedprocess] [info] Scanned user extensions: 6
[2018-03-17 16:12:40.294] [sharedprocess] [info] Scanned user extensions: 6
[2018-03-17 16:17:40.329] [sharedprocess] [info] Scanned user extensions: 6
[2018-03-17 16:22:40.355] [sharedprocess] [info] Scanned user extensions: 6
[2018-03-17 16:27:40.392] [sharedprocess] [info] Scanned user extensions: 6
[2018-03-17 16:32:40.435] [sharedprocess] [info] Scanned user extensions: 6
[2018-03-17 16:37:40.475] [sharedprocess] [info] Scanned user extensions: 6
[2018-03-17 16:42:40.518] [sharedprocess] [info] Scanned user extensions: 6
[2018-03-17 16:47:40.694] [sharedprocess] [info] Scanned user extensions: 6
[2018-03-17 16:52:40.728] [sharedprocess] [info] Scanned user extensions: 6
[2018-03-17 16:57:40.760] [sharedprocess] [info] Scanned user extensions: 6
[2018-03-17 17:02:40.796] [sharedprocess] [info] Scanned user extensions: 6
[2018-03-17 17:07:40.827] [sharedprocess] [info] Scanned user extensions: 6
[2018-03-17 17:12:40.856] [sharedprocess] [info] Scanned user extensions: 6
[2018-03-17 17:17:40.884] [sharedprocess] [info] Scanned user extensions: 6
[2018-03-17 17:22:40.915] [sharedprocess] [info] Scanned user extensions: 6
[2018-03-17 17:27:40.941] [sharedprocess] [info] Scanned user extensions: 6
[2018-03-17 17:32:40.969] [sharedprocess] [info] Scanned user extensions: 6
[2018-03-17 17:37:41.009] [sharedprocess] [info] Scanned user extensions: 6
[2018-03-17 17:42:41.043] [sharedprocess] [info] Scanned user extensions: 6
[2018-03-17 17:47:42.211] [sharedprocess] [info] Scanned user extensions: 6
[2018-03-17 17:52:42.241] [sharedprocess] [info] Scanned user extensions: 6
[2018-03-17 17:57:42.277] [sharedprocess] [info] Scanned user extensions: 6
[2018-03-17 18:02:42.307] [sharedprocess] [info] Scanned user extensions: 6
[2018-03-17 18:07:42.342] [sharedprocess] [info] Scanned user extensions: 6
[2018-03-17 18:12:42.374] [sharedprocess] [info] Scanned user extensions: 6
[2018-03-17 18:17:42.400] [sharedprocess] [info] Scanned user extensions: 6
[2018-03-17 18:22:42.428] [sharedprocess] [info] Scanned user extensions: 6
[2018-03-17 18:27:42.450] [sharedprocess] [info] Scanned user extensions: 6
[2018-03-17 18:32:42.478] [sharedprocess] [info] Scanned user extensions: 6
[2018-03-17 18:37:42.499] [sharedprocess] [info] Scanned user extensions: 6
[2018-03-17 18:42:42.525] [sharedprocess] [info] Scanned user extensions: 6
[2018-03-17 18:47:42.660] [sharedprocess] [info] Scanned user extensions: 6
[2018-03-17 18:52:42.682] [sharedprocess] [info] Scanned user extensions: 6
[2018-03-17 18:57:42.705] [sharedprocess] [info] Scanned user extensions: 6
[2018-03-17 19:02:42.724] [sharedprocess] [info] Scanned user extensions: 6
[2018-03-17 19:07:42.753] [sharedprocess] [info] Scanned user extensions: 6
[2018-03-17 19:12:42.776] [sharedprocess] [info] Scanned user extensions: 6
[2018-03-17 19:17:42.801] [sharedprocess] [info] Scanned user extensions: 6
[2018-03-17 19:22:42.823] [sharedprocess] [info] Scanned user extensions: 6
[2018-03-17 19:27:42.851] [sharedprocess] [info] Scanned user extensions: 6
[2018-03-17 19:32:42.874] [sharedprocess] [info] Scanned user extensions: 6
[2018-03-17 19:37:42.908] [sharedprocess] [info] Scanned user extensions: 6
[2018-03-17 19:42:42.937] [sharedprocess] [info] Scanned user extensions: 6
[2018-03-17 19:47:43.081] [sharedprocess] [info] Scanned user extensions: 6
[2018-03-17 19:52:43.106] [sharedprocess] [info] Scanned user extensions: 6
[2018-03-17 19:57:43.132] [sharedprocess] [info] Scanned user extensions: 6
[2018-03-17 20:02:43.164] [sharedprocess] [info] Scanned user extensions: 6
[2018-03-17 20:07:43.193] [sharedprocess] [info] Scanned user extensions: 6
[2018-03-17 20:12:43.224] [sharedprocess] [info] Scanned user extensions: 6
[2018-03-17 20:17:43.254] [sharedprocess] [info] Scanned user extensions: 6
[2018-03-17 20:22:43.282] [sharedprocess] [info] Scanned user extensions: 6
[2018-03-17 20:27:43.308] [sharedprocess] [info] Scanned user extensions: 6
[2018-03-17 20:32:43.341] [sharedprocess] [info] Scanned user extensions: 6
[2018-03-17 20:37:43.371] [sharedprocess] [info] Scanned user extensions: 6
[2018-03-17 20:42:43.399] [sharedprocess] [info] Scanned user extensions: 6
[2018-03-17 20:47:43.544] [sharedprocess] [info] Scanned user extensions: 6
[2018-03-17 20:52:43.571] [sharedprocess] [info] Scanned user extensions: 6
[2018-03-17 20:57:43.608] [sharedprocess] [info] Scanned user extensions: 6
[2018-03-17 21:02:43.642] [sharedprocess] [info] Scanned user extensions: 6
[2018-03-17 21:07:43.670] [sharedprocess] [info] Scanned user extensions: 6
[2018-03-17 21:12:43.702] [sharedprocess] [info] Scanned user extensions: 6
[2018-03-17 21:17:43.735] [sharedprocess] [info] Scanned user extensions: 6
[2018-03-17 21:22:43.765] [sharedprocess] [info] Scanned user extensions: 6
[2018-03-17 21:27:43.797] [sharedprocess] [info] Scanned user extensions: 6
[2018-03-17 21:32:43.833] [sharedprocess] [info] Scanned user extensions: 6
[2018-03-17 21:37:43.863] [sharedprocess] [info] Scanned user extensions: 6
[2018-03-17 21:42:43.886] [sharedprocess] [info] Scanned user extensions: 6
[2018-03-17 21:47:44.061] [sharedprocess] [info] Scanned user extensions: 6
[2018-03-17 21:52:44.090] [sharedprocess] [info] Scanned user extensions: 6
[2018-03-17 21:57:44.121] [sharedprocess] [info] Scanned user extensions: 6
[2018-03-17 22:02:44.154] [sharedprocess] [info] Scanned user extensions: 6
[2018-03-17 22:07:44.181] [sharedprocess] [info] Scanned user extensions: 6
[2018-03-17 22:12:44.204] [sharedprocess] [info] Scanned user extensions: 6
[2018-03-17 22:17:44.231] [sharedprocess] [info] Scanned user extensions: 6
[2018-03-17 22:22:44.260] [sharedprocess] [info] Scanned user extensions: 6
[2018-03-17 22:27:44.291] [sharedprocess] [info] Scanned user extensions: 6
[2018-03-17 22:32:44.313] [sharedprocess] [info] Scanned user extensions: 6
[2018-03-17 22:37:44.339] [sharedprocess] [info] Scanned user extensions: 6
[2018-03-17 22:42:44.421] [sharedprocess] [info] Scanned user extensions: 6
[2018-03-17 22:47:44.567] [sharedprocess] [info] Scanned user extensions: 6
[2018-03-17 22:52:44.594] [sharedprocess] [info] Scanned user extensions: 6
[2018-03-17 22:57:44.624] [sharedprocess] [info] Scanned user extensions: 6
[2018-03-17 23:02:44.651] [sharedprocess] [info] Scanned user extensions: 6
[2018-03-17 23:07:44.681] [sharedprocess] [info] Scanned user extensions: 6
[2018-03-17 23:12:44.713] [sharedprocess] [info] Scanned user extensions: 6
[2018-03-17 23:17:44.740] [sharedprocess] [info] Scanned user extensions: 6
[2018-03-17 23:22:44.774] [sharedprocess] [info] Scanned user extensions: 6
[2018-03-17 23:27:44.811] [sharedprocess] [info] Scanned user extensions: 6
[2018-03-17 23:32:44.838] [sharedprocess] [info] Scanned user extensions: 6
[2018-03-17 23:37:44.871] [sharedprocess] [info] Scanned user extensions: 6
[2018-03-17 23:42:44.897] [sharedprocess] [info] Scanned user extensions: 6
[2018-03-17 23:47:45.080] [sharedprocess] [info] Scanned user extensions: 6
[2018-03-17 23:52:45.120] [sharedprocess] [info] Scanned user extensions: 6
[2018-03-17 23:57:45.155] [sharedprocess] [info] Scanned user extensions: 6
[2018-03-18 00:02:45.185] [sharedprocess] [info] Scanned user extensions: 6
[2018-03-18 00:07:45.214] [sharedprocess] [info] Scanned user extensions: 6
[2018-03-18 00:12:45.248] [sharedprocess] [info] Scanned user extensions: 6
[2018-03-18 00:17:45.284] [sharedprocess] [info] Scanned user extensions: 6
[2018-03-18 00:22:45.319] [sharedprocess] [info] Scanned user extensions: 6
[2018-03-18 00:27:45.348] [sharedprocess] [info] Scanned user extensions: 6
[2018-03-18 00:32:45.378] [sharedprocess] [info] Scanned user extensions: 6
[2018-03-18 00:37:45.408] [sharedprocess] [info] Scanned user extensions: 6
[2018-03-18 00:42:45.438] [sharedprocess] [info] Scanned user extensions: 6
[2018-03-18 00:47:45.586] [sharedprocess] [info] Scanned user extensions: 6
[2018-03-18 00:52:45.617] [sharedprocess] [info] Scanned user extensions: 6
[2018-03-18 00:57:45.646] [sharedprocess] [info] Scanned user extensions: 6
[2018-03-18 01:02:45.678] [sharedprocess] [info] Scanned user extensions: 6
[2018-03-18 01:07:45.707] [sharedprocess] [info] Scanned user extensions: 6
[2018-03-18 01:12:45.738] [sharedprocess] [info] Scanned user extensions: 6
[2018-03-18 01:17:45.771] [sharedprocess] [info] Scanned user extensions: 6
[2018-03-18 01:22:45.803] [sharedprocess] [info] Scanned user extensions: 6
[2018-03-18 01:27:45.832] [sharedprocess] [info] Scanned user extensions: 6
[2018-03-18 01:32:45.861] [sharedprocess] [info] Scanned user extensions: 6
[2018-03-18 01:37:45.889] [sharedprocess] [info] Scanned user extensions: 6
[2018-03-18 01:42:45.922] [sharedprocess] [info] Scanned user extensions: 6
[2018-03-18 01:47:46.079] [sharedprocess] [info] Scanned user extensions: 6
[2018-03-18 01:52:46.110] [sharedprocess] [info] Scanned user extensions: 6
[2018-03-18 01:57:46.133] [sharedprocess] [info] Scanned user extensions: 6
[2018-03-18 02:02:46.163] [sharedprocess] [info] Scanned user extensions: 6
[2018-03-18 02:07:46.190] [sharedprocess] [info] Scanned user extensions: 6
[2018-03-18 02:12:46.220] [sharedprocess] [info] Scanned user extensions: 6
[2018-03-18 02:17:46.263] [sharedprocess] [info] Scanned user extensions: 6
[2018-03-18 02:22:46.288] [sharedprocess] [info] Scanned user extensions: 6
[2018-03-18 02:27:46.318] [sharedprocess] [info] Scanned user extensions: 6
[2018-03-18 02:32:46.352] [sharedprocess] [info] Scanned user extensions: 6
[2018-03-18 02:37:46.384] [sharedprocess] [info] Scanned user extensions: 6
[2018-03-18 02:42:46.411] [sharedprocess] [info] Scanned user extensions: 6
[2018-03-18 02:47:46.559] [sharedprocess] [info] Scanned user extensions: 6
[2018-03-18 02:52:46.591] [sharedprocess] [info] Scanned user extensions: 6
[2018-03-18 02:57:46.619] [sharedprocess] [info] Scanned user extensions: 6
[2018-03-18 03:02:46.646] [sharedprocess] [info] Scanned user extensions: 6
[2018-03-18 03:07:46.675] [sharedprocess] [info] Scanned user extensions: 6
[2018-03-18 03:12:46.702] [sharedprocess] [info] Scanned user extensions: 6
[2018-03-18 03:17:46.734] [sharedprocess] [info] Scanned user extensions: 6
[2018-03-18 03:22:46.773] [sharedprocess] [info] Scanned user extensions: 6
[2018-03-18 03:27:46.796] [sharedprocess] [info] Scanned user extensions: 6
[2018-03-18 03:32:46.827] [sharedprocess] [info] Scanned user extensions: 6
[2018-03-18 03:37:46.854] [sharedprocess] [info] Scanned user extensions: 6
[2018-03-18 03:42:46.882] [sharedprocess] [info] Scanned user extensions: 6
[2018-03-18 03:47:47.029] [sharedprocess] [info] Scanned user extensions: 6
[2018-03-18 03:52:47.057] [sharedprocess] [info] Scanned user extensions: 6
[2018-03-18 03:57:47.091] [sharedprocess] [info] Scanned user extensions: 6
[2018-03-18 04:02:47.123] [sharedprocess] [info] Scanned user extensions: 6
[2018-03-18 04:07:47.156] [sharedprocess] [info] Scanned user extensions: 6
[2018-03-18 04:12:47.187] [sharedprocess] [info] Scanned user extensions: 6
[2018-03-18 04:17:47.219] [sharedprocess] [info] Scanned user extensions: 6
[2018-03-18 04:22:47.244] [sharedprocess] [info] Scanned user extensions: 6
[2018-03-18 04:27:47.275] [sharedprocess] [info] Scanned user extensions: 6
[2018-03-18 04:32:47.311] [sharedprocess] [info] Scanned user extensions: 6
[2018-03-18 04:37:47.335] [sharedprocess] [info] Scanned user extensions: 6
[2018-03-18 04:42:47.366] [sharedprocess] [info] Scanned user extensions: 6
[2018-03-18 04:47:47.510] [sharedprocess] [info] Scanned user extensions: 6
[2018-03-18 04:52:47.539] [sharedprocess] [info] Scanned user extensions: 6
[2018-03-18 04:57:47.568] [sharedprocess] [info] Scanned user extensions: 6
[2018-03-18 05:02:47.602] [sharedprocess] [info] Scanned user extensions: 6
[2018-03-18 05:07:47.632] [sharedprocess] [info] Scanned user extensions: 6
[2018-03-18 05:12:47.661] [sharedprocess] [info] Scanned user extensions: 6
[2018-03-18 05:17:47.694] [sharedprocess] [info] Scanned user extensions: 6
[2018-03-18 05:22:47.727] [sharedprocess] [info] Scanned user extensions: 6
[2018-03-18 05:27:47.759] [sharedprocess] [info] Scanned user extensions: 6
[2018-03-18 05:32:47.783] [sharedprocess] [info] Scanned user extensions: 6
[2018-03-18 05:37:47.821] [sharedprocess] [info] Scanned user extensions: 6
[2018-03-18 05:42:47.852] [sharedprocess] [info] Scanned user extensions: 6
[2018-03-18 05:47:48.002] [sharedprocess] [info] Scanned user extensions: 6
[2018-03-18 05:52:48.033] [sharedprocess] [info] Scanned user extensions: 6
[2018-03-18 05:57:48.060] [sharedprocess] [info] Scanned user extensions: 6
[2018-03-18 06:02:48.089] [sharedprocess] [info] Scanned user extensions: 6
[2018-03-18 06:07:48.115] [sharedprocess] [info] Scanned user extensions: 6
[2018-03-18 06:12:48.148] [sharedprocess] [info] Scanned user extensions: 6
[2018-03-18 06:17:48.180] [sharedprocess] [info] Scanned user extensions: 6
[2018-03-18 06:22:48.212] [sharedprocess] [info] Scanned user extensions: 6
[2018-03-18 06:27:48.240] [sharedprocess] [info] Scanned user extensions: 6
[2018-03-18 06:32:48.272] [sharedprocess] [info] Scanned user extensions: 6
[2018-03-18 06:37:48.305] [sharedprocess] [info] Scanned user extensions: 6
[2018-03-18 06:42:48.337] [sharedprocess] [info] Scanned user extensions: 6
[2018-03-18 06:47:48.490] [sharedprocess] [info] Scanned user extensions: 6
[2018-03-18 06:52:48.521] [sharedprocess] [info] Scanned user extensions: 6
[2018-03-18 06:57:48.554] [sharedprocess] [info] Scanned user extensions: 6
[2018-03-18 07:02:48.584] [sharedprocess] [info] Scanned user extensions: 6
[2018-03-18 07:07:48.616] [sharedprocess] [info] Scanned user extensions: 6
[2018-03-18 07:12:48.647] [sharedprocess] [info] Scanned user extensions: 6
[2018-03-18 07:17:48.683] [sharedprocess] [info] Scanned user extensions: 6
[2018-03-18 07:22:48.713] [sharedprocess] [info] Scanned user extensions: 6
[2018-03-18 07:27:48.738] [sharedprocess] [info] Scanned user extensions: 6
[2018-03-18 07:32:48.772] [sharedprocess] [info] Scanned user extensions: 6
[2018-03-18 07:37:48.805] [sharedprocess] [info] Scanned user extensions: 6
[2018-03-18 07:42:48.835] [sharedprocess] [info] Scanned user extensions: 6
[2018-03-18 07:47:48.998] [sharedprocess] [info] Scanned user extensions: 6
[2018-03-18 07:52:49.031] [sharedprocess] [info] Scanned user extensions: 6
[2018-03-18 07:57:49.061] [sharedprocess] [info] Scanned user extensions: 6
[2018-03-18 08:02:49.091] [sharedprocess] [info] Scanned user extensions: 6
[2018-03-18 08:07:49.121] [sharedprocess] [info] Scanned user extensions: 6
[2018-03-18 08:12:49.154] [sharedprocess] [info] Scanned user extensions: 6
[2018-03-18 08:17:49.186] [sharedprocess] [info] Scanned user extensions: 6
[2018-03-18 08:22:49.218] [sharedprocess] [info] Scanned user extensions: 6
[2018-03-18 08:27:49.252] [sharedprocess] [info] Scanned user extensions: 6
[2018-03-18 08:32:49.279] [sharedprocess] [info] Scanned user extensions: 6
[2018-03-18 08:37:49.305] [sharedprocess] [info] Scanned user extensions: 6
[2018-03-18 08:42:49.335] [sharedprocess] [info] Scanned user extensions: 6
[2018-03-18 08:47:49.491] [sharedprocess] [info] Scanned user extensions: 6
[2018-03-18 08:52:49.515] [sharedprocess] [info] Scanned user extensions: 6
[2018-03-18 08:57:49.546] [sharedprocess] [info] Scanned user extensions: 6
[2018-03-18 09:02:49.572] [sharedprocess] [info] Scanned user extensions: 6
[2018-03-18 09:07:49.603] [sharedprocess] [info] Scanned user extensions: 6
[2018-03-18 09:12:49.627] [sharedprocess] [info] Scanned user extensions: 6
[2018-03-18 09:17:49.657] [sharedprocess] [info] Scanned user extensions: 6
[2018-03-18 09:22:49.693] [sharedprocess] [info] Scanned user extensions: 6
[2018-03-18 09:27:49.724] [sharedprocess] [info] Scanned user extensions: 6
[2018-03-18 09:32:49.753] [sharedprocess] [info] Scanned user extensions: 6
[2018-03-18 09:37:49.780] [sharedprocess] [info] Scanned user extensions: 6
[2018-03-18 09:42:49.812] [sharedprocess] [info] Scanned user extensions: 6
[2018-03-18 09:47:49.959] [sharedprocess] [info] Scanned user extensions: 6
[2018-03-18 09:52:49.985] [sharedprocess] [info] Scanned user extensions: 6
[2018-03-18 09:57:50.012] [sharedprocess] [info] Scanned user extensions: 6
[2018-03-18 10:02:50.037] [sharedprocess] [info] Scanned user extensions: 6
[2018-03-18 10:07:50.064] [sharedprocess] [info] Scanned user extensions: 6
[2018-03-18 10:12:50.093] [sharedprocess] [info] Scanned user extensions: 6
[2018-03-18 10:17:50.120] [sharedprocess] [info] Scanned user extensions: 6
[2018-03-18 10:22:50.145] [sharedprocess] [info] Scanned user extensions: 6
[2018-03-18 10:27:50.175] [sharedprocess] [info] Scanned user extensions: 6
[2018-03-18 10:32:51.837] [sharedprocess] [info] Scanned user extensions: 6
[2018-03-18 10:37:51.861] [sharedprocess] [info] Scanned user extensions: 6
[2018-03-18 10:42:51.889] [sharedprocess] [info] Scanned user extensions: 6
[2018-03-18 10:47:52.050] [sharedprocess] [info] Scanned user extensions: 6
[2018-03-18 10:52:52.078] [sharedprocess] [info] Scanned user extensions: 6
[2018-03-18 10:57:52.112] [sharedprocess] [info] Scanned user extensions: 6
[2018-03-18 11:02:52.139] [sharedprocess] [info] Scanned user extensions: 6
[2018-03-18 11:07:52.164] [sharedprocess] [info] Scanned user extensions: 6
[2018-03-18 11:12:52.188] [sharedprocess] [info] Scanned user extensions: 6
[2018-03-18 11:17:52.214] [sharedprocess] [info] Scanned user extensions: 6
[2018-03-18 11:22:52.244] [sharedprocess] [info] Scanned user extensions: 6
[2018-03-18 11:27:52.274] [sharedprocess] [info] Scanned user extensions: 6
[2018-03-18 11:32:52.305] [sharedprocess] [info] Scanned user extensions: 6
[2018-03-18 11:37:52.338] [sharedprocess] [info] Scanned user extensions: 6
[2018-03-18 11:42:52.379] [sharedprocess] [info] Scanned user extensions: 6
[2018-03-18 11:47:52.531] [sharedprocess] [info] Scanned user extensions: 6
[2018-03-18 11:52:52.579] [sharedprocess] [info] Scanned user extensions: 6
[2018-03-18 11:57:52.654] [sharedprocess] [info] Scanned user extensions: 6
[2018-03-18 12:02:52.698] [sharedprocess] [info] Scanned user extensions: 6
[2018-03-18 12:07:52.739] [sharedprocess] [info] Scanned user extensions: 6
[2018-03-18 12:12:52.789] [sharedprocess] [info] Scanned user extensions: 6
[2018-03-18 12:17:52.853] [sharedprocess] [info] Scanned user extensions: 6
[2018-03-18 12:22:52.905] [sharedprocess] [info] Scanned user extensions: 6
[2018-03-18 12:27:52.949] [sharedprocess] [info] Scanned user extensions: 6
[2018-03-18 12:32:52.972] [sharedprocess] [info] Scanned user extensions: 6
[2018-03-18 12:37:53.005] [sharedprocess] [info] Scanned user extensions: 6
[2018-03-18 12:42:53.044] [sharedprocess] [info] Scanned user extensions: 6
[2018-03-18 12:47:53.197] [sharedprocess] [info] Scanned user extensions: 6
[2018-03-18 12:52:53.220] [sharedprocess] [info] Scanned user extensions: 6
[2018-03-18 12:57:53.248] [sharedprocess] [info] Scanned user extensions: 6
[2018-03-18 13:02:53.272] [sharedprocess] [info] Scanned user extensions: 6
[2018-03-18 13:07:53.296] [sharedprocess] [info] Scanned user extensions: 6
[2018-03-18 13:12:53.323] [sharedprocess] [info] Scanned user extensions: 6
[2018-03-18 13:17:53.353] [sharedprocess] [info] Scanned user extensions: 6
[2018-03-18 13:22:53.391] [sharedprocess] [info] Scanned user extensions: 6
[2018-03-18 13:27:53.419] [sharedprocess] [info] Scanned user extensions: 6
[2018-03-18 13:32:53.454] [sharedprocess] [info] Scanned user extensions: 6
[2018-03-18 13:37:53.500] [sharedprocess] [info] Scanned user extensions: 6
[2018-03-18 13:42:53.557] [sharedprocess] [info] Scanned user extensions: 6
[2018-03-18 13:47:53.752] [sharedprocess] [info] Scanned user extensions: 6
[2018-03-18 13:52:53.780] [sharedprocess] [info] Scanned user extensions: 6
[2018-03-18 13:57:53.802] [sharedprocess] [info] Scanned user extensions: 6
[2018-03-18 14:02:53.828] [sharedprocess] [info] Scanned user extensions: 6
[2018-03-18 14:07:53.861] [sharedprocess] [info] Scanned user extensions: 6
[2018-03-18 14:12:53.888] [sharedprocess] [info] Scanned user extensions: 6
[2018-03-18 14:17:53.918] [sharedprocess] [info] Scanned user extensions: 6
[2018-03-18 14:22:53.950] [sharedprocess] [info] Scanned user extensions: 6
[2018-03-18 14:27:53.983] [sharedprocess] [info] Scanned user extensions: 6
[2018-03-18 14:32:54.013] [sharedprocess] [info] Scanned user extensions: 6
[2018-03-18 14:37:54.039] [sharedprocess] [info] Scanned user extensions: 6
[2018-03-18 14:42:54.067] [sharedprocess] [info] Scanned user extensions: 6
[2018-03-18 14:47:54.225] [sharedprocess] [info] Scanned user extensions: 6
[2018-03-18 14:52:54.246] [sharedprocess] [info] Scanned user extensions: 6
[2018-03-18 14:57:54.276] [sharedprocess] [info] Scanned user extensions: 6
[2018-03-18 15:02:54.307] [sharedprocess] [info] Scanned user extensions: 6
[2018-03-18 15:07:54.334] [sharedprocess] [info] Scanned user extensions: 6
[2018-03-18 15:12:54.363] [sharedprocess] [info] Scanned user extensions: 6
[2018-03-18 15:17:54.388] [sharedprocess] [info] Scanned user extensions: 6
[2018-03-18 15:22:54.413] [sharedprocess] [info] Scanned user extensions: 6
[2018-03-18 15:27:54.440] [sharedprocess] [info] Scanned user extensions: 6
[2018-03-18 15:32:54.471] [sharedprocess] [info] Scanned user extensions: 6
[2018-03-18 15:37:54.503] [sharedprocess] [info] Scanned user extensions: 6
[2018-03-18 15:42:54.528] [sharedprocess] [info] Scanned user extensions: 6
[2018-03-18 15:47:54.698] [sharedprocess] [info] Scanned user extensions: 6
[2018-03-18 15:52:54.722] [sharedprocess] [info] Scanned user extensions: 6
[2018-03-18 15:57:54.754] [sharedprocess] [info] Scanned user extensions: 6
[2018-03-18 16:02:54.783] [sharedprocess] [info] Scanned user extensions: 6
[2018-03-18 16:07:54.808] [sharedprocess] [info] Scanned user extensions: 6
[2018-03-18 16:12:54.834] [sharedprocess] [info] Scanned user extensions: 6
[2018-03-18 16:17:54.866] [sharedprocess] [info] Scanned user extensions: 6
[2018-03-18 16:22:54.900] [sharedprocess] [info] Scanned user extensions: 6
[2018-03-18 16:27:54.929] [sharedprocess] [info] Scanned user extensions: 6
[2018-03-18 16:32:54.954] [sharedprocess] [info] Scanned user extensions: 6
[2018-03-18 16:37:54.978] [sharedprocess] [info] Scanned user extensions: 6
[2018-03-18 16:42:55.002] [sharedprocess] [info] Scanned user extensions: 6
[2018-03-18 16:47:55.155] [sharedprocess] [info] Scanned user extensions: 6
[2018-03-18 16:52:55.176] [sharedprocess] [info] Scanned user extensions: 6
[2018-03-18 16:57:55.211] [sharedprocess] [info] Scanned user extensions: 6
[2018-03-18 17:02:55.242] [sharedprocess] [info] Scanned user extensions: 6
[2018-03-18 17:07:55.264] [sharedprocess] [info] Scanned user extensions: 6
[2018-03-18 17:12:55.291] [sharedprocess] [info] Scanned user extensions: 6
[2018-03-18 17:17:55.320] [sharedprocess] [info] Scanned user extensions: 6
[2018-03-18 17:22:55.343] [sharedprocess] [info] Scanned user extensions: 6
[2018-03-18 17:27:55.378] [sharedprocess] [info] Scanned user extensions: 6
[2018-03-18 17:32:55.409] [sharedprocess] [info] Scanned user extensions: 6
[2018-03-18 17:37:55.433] [sharedprocess] [info] Scanned user extensions: 6
[2018-03-18 17:42:55.459] [sharedprocess] [info] Scanned user extensions: 6
[2018-03-18 17:47:55.611] [sharedprocess] [info] Scanned user extensions: 6
[2018-03-18 17:52:55.640] [sharedprocess] [info] Scanned user extensions: 6
[2018-03-18 17:57:55.668] [sharedprocess] [info] Scanned user extensions: 6
[2018-03-18 18:02:55.702] [sharedprocess] [info] Scanned user extensions: 6
[2018-03-18 18:07:55.726] [sharedprocess] [info] Scanned user extensions: 6
[2018-03-18 18:12:55.752] [sharedprocess] [info] Scanned user extensions: 6
[2018-03-18 18:17:55.785] [sharedprocess] [info] Scanned user extensions: 6
[2018-03-18 18:22:55.812] [sharedprocess] [info] Scanned user extensions: 6
[2018-03-18 18:27:55.843] [sharedprocess] [info] Scanned user extensions: 6
[2018-03-18 18:32:55.869] [sharedprocess] [info] Scanned user extensions: 6
[2018-03-18 18:37:55.904] [sharedprocess] [info] Scanned user extensions: 6
[2018-03-18 18:42:55.931] [sharedprocess] [info] Scanned user extensions: 6
[2018-03-18 18:47:56.094] [sharedprocess] [info] Scanned user extensions: 6
[2018-03-18 18:52:56.135] [sharedprocess] [info] Scanned user extensions: 6
[2018-03-18 18:57:56.167] [sharedprocess] [info] Scanned user extensions: 6
[2018-03-18 19:02:56.200] [sharedprocess] [info] Scanned user extensions: 6
[2018-03-18 19:07:56.236] [sharedprocess] [info] Scanned user extensions: 6
