[2018-04-22 09:37:12.303] [sharedprocess] [info] main {"machineId":"95ee68271e790d2347442ebf0570f4b0c6bf9bb7a23da3e6afd9a9886694bcdd"}
[2018-04-22 09:37:12.358] [sharedprocess] [info] Scanned user extensions: 6
[2018-04-22 09:37:24.532] [sharedprocess] [info] Scanned user extensions: 6
[2018-04-22 09:37:24.540] [sharedprocess] [info] Scanned user extensions: 6
[2018-04-22 09:37:24.544] [sharedprocess] [info] Scanned user extensions: 6
[2018-04-22 09:37:25.571] [sharedprocess] [info] Scanned user extensions: 6
[2018-04-22 09:37:25.751] [sharedprocess] [info] Scanned system extensions: 69
[2018-04-22 09:37:25.792] [sharedprocess] [info] Deleted from disk esbenp.prettier-vscode-1.2.2
[2018-04-22 09:37:26.352] [sharedprocess] [info] Deleted from disk WallabyJs.quokka-vscode-1.0.113
[2018-04-22 09:37:27.279] [sharedprocess] [info] Scanned system extensions: 69
[2018-04-22 09:37:27.283] [sharedprocess] [info] Scanned system extensions: 69
[2018-04-22 09:37:27.297] [sharedprocess] [info] Deleted from disk WallabyJs.wallaby-vscode-1.0.78
[2018-04-22 09:37:52.318] [sharedprocess] [info] Starting to clean up unused language packs.
[2018-04-22 09:42:25.847] [sharedprocess] [info] Scanned user extensions: 6
[2018-04-22 09:47:25.875] [sharedprocess] [info] Scanned user extensions: 6
[2018-04-22 09:52:25.900] [sharedprocess] [info] Scanned user extensions: 6
[2018-04-22 09:57:25.935] [sharedprocess] [info] Scanned user extensions: 6
[2018-04-22 10:02:25.961] [sharedprocess] [info] Scanned user extensions: 6
[2018-04-22 10:07:25.998] [sharedprocess] [info] Scanned user extensions: 6
[2018-04-22 10:12:26.023] [sharedprocess] [info] Scanned user extensions: 6
[2018-04-22 10:17:26.101] [sharedprocess] [info] Scanned user extensions: 6
[2018-04-22 10:22:26.180] [sharedprocess] [info] Scanned user extensions: 6
[2018-04-22 10:27:26.229] [sharedprocess] [info] Scanned user extensions: 6
[2018-04-22 10:32:26.345] [sharedprocess] [info] Scanned user extensions: 6
[2018-04-22 10:37:26.505] [sharedprocess] [info] Scanned user extensions: 6
[2018-04-22 10:42:26.547] [sharedprocess] [info] Scanned user extensions: 6
[2018-04-22 10:47:26.574] [sharedprocess] [info] Scanned user extensions: 6
[2018-04-22 10:52:26.600] [sharedprocess] [info] Scanned user extensions: 6
[2018-04-22 10:57:26.624] [sharedprocess] [info] Scanned user extensions: 6
[2018-04-22 11:02:26.647] [sharedprocess] [info] Scanned user extensions: 6
[2018-04-22 11:07:26.683] [sharedprocess] [info] Scanned user extensions: 6
[2018-04-22 11:12:26.739] [sharedprocess] [info] Scanned user extensions: 6
[2018-04-22 11:17:26.772] [sharedprocess] [info] Scanned user extensions: 6
[2018-04-22 11:22:26.837] [sharedprocess] [info] Scanned user extensions: 6
[2018-04-22 11:27:26.889] [sharedprocess] [info] Scanned user extensions: 6
[2018-04-22 11:32:26.912] [sharedprocess] [info] Scanned user extensions: 6
[2018-04-22 11:37:27.062] [sharedprocess] [info] Scanned user extensions: 6
[2018-04-22 11:42:27.090] [sharedprocess] [info] Scanned user extensions: 6
[2018-04-22 11:47:27.115] [sharedprocess] [info] Scanned user extensions: 6
[2018-04-22 11:52:27.169] [sharedprocess] [info] Scanned user extensions: 6
[2018-04-22 11:57:27.213] [sharedprocess] [info] Scanned user extensions: 6
[2018-04-22 12:02:27.238] [sharedprocess] [info] Scanned user extensions: 6
[2018-04-22 12:07:27.268] [sharedprocess] [info] Scanned user extensions: 6
[2018-04-22 12:12:27.297] [sharedprocess] [info] Scanned user extensions: 6
[2018-04-22 12:17:27.324] [sharedprocess] [info] Scanned user extensions: 6
[2018-04-22 12:22:27.354] [sharedprocess] [info] Scanned user extensions: 6
[2018-04-22 12:27:27.381] [sharedprocess] [info] Scanned user extensions: 6
[2018-04-22 12:32:27.406] [sharedprocess] [info] Scanned user extensions: 6
[2018-04-22 12:37:27.567] [sharedprocess] [info] Scanned user extensions: 6
[2018-04-22 12:42:27.591] [sharedprocess] [info] Scanned user extensions: 6
[2018-04-22 12:47:27.614] [sharedprocess] [info] Scanned user extensions: 6
[2018-04-22 12:52:27.642] [sharedprocess] [info] Scanned user extensions: 6
[2018-04-22 12:57:27.667] [sharedprocess] [info] Scanned user extensions: 6
[2018-04-22 13:02:27.698] [sharedprocess] [info] Scanned user extensions: 6
[2018-04-22 13:07:27.722] [sharedprocess] [info] Scanned user extensions: 6
[2018-04-22 13:12:27.749] [sharedprocess] [info] Scanned user extensions: 6
[2018-04-22 13:17:27.779] [sharedprocess] [info] Scanned user extensions: 6
[2018-04-22 13:22:27.802] [sharedprocess] [info] Scanned user extensions: 6
[2018-04-22 13:27:27.845] [sharedprocess] [info] Scanned user extensions: 6
[2018-04-22 13:32:27.870] [sharedprocess] [info] Scanned user extensions: 6
[2018-04-22 13:37:28.029] [sharedprocess] [info] Scanned user extensions: 6
[2018-04-22 13:42:28.055] [sharedprocess] [info] Scanned user extensions: 6
[2018-04-22 13:47:28.093] [sharedprocess] [info] Scanned user extensions: 6
[2018-04-22 13:52:28.119] [sharedprocess] [info] Scanned user extensions: 6
[2018-04-22 13:57:28.181] [sharedprocess] [info] Scanned user extensions: 6
[2018-04-22 14:02:28.209] [sharedprocess] [info] Scanned user extensions: 6
[2018-04-22 14:07:28.245] [sharedprocess] [info] Scanned user extensions: 6
[2018-04-22 14:12:28.311] [sharedprocess] [info] Scanned user extensions: 6
[2018-04-22 14:17:28.341] [sharedprocess] [info] Scanned user extensions: 6
[2018-04-22 14:22:28.364] [sharedprocess] [info] Scanned user extensions: 6
[2018-04-22 14:27:28.401] [sharedprocess] [info] Scanned user extensions: 6
[2018-04-22 14:32:28.424] [sharedprocess] [info] Scanned user extensions: 6
[2018-04-22 14:37:28.578] [sharedprocess] [info] Scanned user extensions: 6
[2018-04-22 14:42:28.608] [sharedprocess] [info] Scanned user extensions: 6
[2018-04-22 14:47:28.633] [sharedprocess] [info] Scanned user extensions: 6
[2018-04-22 14:52:28.658] [sharedprocess] [info] Scanned user extensions: 6
[2018-04-22 14:57:28.684] [sharedprocess] [info] Scanned user extensions: 6
[2018-04-22 15:02:28.707] [sharedprocess] [info] Scanned user extensions: 6
[2018-04-22 15:07:28.734] [sharedprocess] [info] Scanned user extensions: 6
[2018-04-22 15:12:28.760] [sharedprocess] [info] Scanned user extensions: 6
[2018-04-22 15:17:28.790] [sharedprocess] [info] Scanned user extensions: 6
[2018-04-22 15:22:28.815] [sharedprocess] [info] Scanned user extensions: 6
[2018-04-22 15:27:28.839] [sharedprocess] [info] Scanned user extensions: 6
[2018-04-22 15:32:28.866] [sharedprocess] [info] Scanned user extensions: 6
[2018-04-22 15:37:29.047] [sharedprocess] [info] Scanned user extensions: 6
[2018-04-22 15:42:29.073] [sharedprocess] [info] Scanned user extensions: 6
[2018-04-22 15:47:29.098] [sharedprocess] [info] Scanned user extensions: 6
[2018-04-22 15:52:29.124] [sharedprocess] [info] Scanned user extensions: 6
[2018-04-22 15:57:29.151] [sharedprocess] [info] Scanned user extensions: 6
[2018-04-22 16:02:29.176] [sharedprocess] [info] Scanned user extensions: 6
[2018-04-22 16:07:29.206] [sharedprocess] [info] Scanned user extensions: 6
[2018-04-22 16:12:29.231] [sharedprocess] [info] Scanned user extensions: 6
[2018-04-22 16:17:29.255] [sharedprocess] [info] Scanned user extensions: 6
[2018-04-22 16:22:29.285] [sharedprocess] [info] Scanned user extensions: 6
[2018-04-22 16:27:29.316] [sharedprocess] [info] Scanned user extensions: 6
[2018-04-22 16:32:29.342] [sharedprocess] [info] Scanned user extensions: 6
[2018-04-22 16:37:29.522] [sharedprocess] [info] Scanned user extensions: 6
[2018-04-22 16:42:29.552] [sharedprocess] [info] Scanned user extensions: 6
[2018-04-22 16:47:29.581] [sharedprocess] [info] Scanned user extensions: 6
[2018-04-22 16:52:29.606] [sharedprocess] [info] Scanned user extensions: 6
[2018-04-22 16:57:29.632] [sharedprocess] [info] Scanned user extensions: 6
[2018-04-22 17:02:29.653] [sharedprocess] [info] Scanned user extensions: 6
[2018-04-22 17:07:29.680] [sharedprocess] [info] Scanned user extensions: 6
[2018-04-22 17:12:29.704] [sharedprocess] [info] Scanned user extensions: 6
[2018-04-22 17:17:29.734] [sharedprocess] [info] Scanned user extensions: 6
[2018-04-22 17:22:29.760] [sharedprocess] [info] Scanned user extensions: 6
[2018-04-22 17:27:29.789] [sharedprocess] [info] Scanned user extensions: 6
[2018-04-22 17:32:29.815] [sharedprocess] [info] Scanned user extensions: 6
[2018-04-22 17:37:29.988] [sharedprocess] [info] Scanned user extensions: 6
[2018-04-22 17:42:30.015] [sharedprocess] [info] Scanned user extensions: 6
[2018-04-22 17:47:30.040] [sharedprocess] [info] Scanned user extensions: 6
[2018-04-22 17:52:30.064] [sharedprocess] [info] Scanned user extensions: 6
[2018-04-22 17:57:30.092] [sharedprocess] [info] Scanned user extensions: 6
[2018-04-22 18:02:30.123] [sharedprocess] [info] Scanned user extensions: 6
[2018-04-22 18:07:30.147] [sharedprocess] [info] Scanned user extensions: 6
[2018-04-22 18:12:30.172] [sharedprocess] [info] Scanned user extensions: 6
[2018-04-22 18:17:30.203] [sharedprocess] [info] Scanned user extensions: 6
[2018-04-22 18:22:30.228] [sharedprocess] [info] Scanned user extensions: 6
[2018-04-22 18:27:30.251] [sharedprocess] [info] Scanned user extensions: 6
[2018-04-22 18:32:30.286] [sharedprocess] [info] Scanned user extensions: 6
[2018-04-22 18:53:56.157] [sharedprocess] [info] Scanned user extensions: 6
[2018-04-22 18:53:56.170] [sharedprocess] [info] Scanned user extensions: 6
[2018-04-22 18:53:56.172] [sharedprocess] [info] Scanned user extensions: 6
[2018-04-22 18:53:56.264] [sharedprocess] [info] Scanned system extensions: 69
[2018-04-22 18:53:56.267] [sharedprocess] [info] Scanned system extensions: 69
[2018-04-22 18:53:58.511] [sharedprocess] [info] Scanned user extensions: 6
