[2022-03-09 07:51:18.262] [exthost] [info] Extension host with pid 2027 started
[2022-03-09 07:51:18.262] [exthost] [info] Skipping acquiring lock for /Users/avanslaars/code_profiles/egghead/data/User/workspaceStorage/6b2ddb8aeecb07f424ae6658fd9a6ab7.
[2022-03-09 07:51:18.288] [exthost] [info] ExtensionService#_doActivateExtension vscode.microsoft-authentication, startup: false, activationEvent: 'onAuthenticationRequest:microsoft'
[2022-03-09 07:51:18.308] [exthost] [info] ExtensionService#_doActivateExtension vscode.debug-auto-launch, startup: true, activationEvent: '*'
[2022-03-09 07:51:18.311] [exthost] [info] ExtensionService#_doActivateExtension vscode.git-base, startup: true, activationEvent: '*', root cause: vscode.github
[2022-03-09 07:51:18.313] [exthost] [info] ExtensionService#_doActivateExtension vscode.ipynb, startup: true, activationEvent: '*'
[2022-03-09 07:51:18.321] [exthost] [info] ExtensionService#_doActivateExtension vscode.npm, startup: true, activationEvent: 'workspaceContains:package.json'
[2022-03-09 07:51:18.348] [exthost] [info] ExtensionService#_doActivateExtension vscode.github, startup: true, activationEvent: '*'
[2022-03-09 07:51:18.406] [exthost] [info] ExtensionService#_doActivateExtension vscode.github-authentication, startup: false, activationEvent: 'onAuthenticationRequest:github'
[2022-03-09 07:51:18.442] [exthost] [info] Eager extensions activated
[2022-03-09 07:51:18.466] [exthost] [info] ExtensionService#_doActivateExtension vscode.emmet, startup: false, activationEvent: 'onStartupFinished'
[2022-03-09 07:51:18.475] [exthost] [info] ExtensionService#_doActivateExtension vscode.merge-conflict, startup: false, activationEvent: 'onStartupFinished'
[2022-03-09 07:51:22.608] [exthost] [info] ExtensionService#_doActivateExtension esbenp.prettier-vscode, startup: false, activationEvent: 'onStartupFinished'
[2022-03-09 07:51:22.859] [exthost] [info] ExtensionService#_doActivateExtension vscode.git, startup: false, activationEvent: 'api', root cause: vscode.github
[2022-03-09 07:51:22.905] [exthost] [info] ExtensionService#_doActivateExtension alefragnani.Bookmarks, startup: false, activationEvent: '*'
[2022-03-09 07:51:22.908] [exthost] [info] ExtensionService#_doActivateExtension CoenraadS.bracket-pair-colorizer, startup: false, activationEvent: '*'
[2022-03-09 07:51:22.912] [exthost] [info] ExtensionService#_doActivateExtension WallabyJs.quokka-vscode, startup: false, activationEvent: '*'
[2022-03-09 07:51:22.913] [exthost] [info] ExtensionService#_doActivateExtension WallabyJs.wallaby-vscode, startup: false, activationEvent: '*'
[2022-03-09 07:51:40.523] [exthost] [info] ExtensionService#_doActivateExtension vscode.configuration-editing, startup: false, activationEvent: 'onLanguage:jsonc'
[2022-03-09 07:51:40.527] [exthost] [info] ExtensionService#_doActivateExtension vscode.json-language-features, startup: false, activationEvent: 'onLanguage:jsonc'
[2022-03-09 07:51:40.551] [exthost] [info] ExtensionService#_doActivateExtension vscode.typescript-language-features, startup: false, activationEvent: 'onLanguage:jsonc'
